02-Apr-2019 20:53:04.974 INFO [main] org.apache.catalina.startup.VersionLoggerListener.log Server version name:   Apache Tomcat/9.0.16
02-Apr-2019 20:53:05.073 INFO [main] org.apache.catalina.startup.VersionLoggerListener.log Server built:          Feb 4 2019 16:30:29 UTC
02-Apr-2019 20:53:05.082 INFO [main] org.apache.catalina.startup.VersionLoggerListener.log Server version number: 9.0.16.0
02-Apr-2019 20:53:05.083 INFO [main] org.apache.catalina.startup.VersionLoggerListener.log OS Name:               Windows 10
02-Apr-2019 20:53:05.083 INFO [main] org.apache.catalina.startup.VersionLoggerListener.log OS Version:            10.0
02-Apr-2019 20:53:05.084 INFO [main] org.apache.catalina.startup.VersionLoggerListener.log Architecture:          x86
02-Apr-2019 20:53:05.084 INFO [main] org.apache.catalina.startup.VersionLoggerListener.log Java Home:             C:\Program Files (x86)\Java\jdk1.8.0_181\jre
02-Apr-2019 20:53:05.085 INFO [main] org.apache.catalina.startup.VersionLoggerListener.log JVM Version:           1.8.0_181-b13
02-Apr-2019 20:53:05.085 INFO [main] org.apache.catalina.startup.VersionLoggerListener.log JVM Vendor:            Oracle Corporation
02-Apr-2019 20:53:05.086 INFO [main] org.apache.catalina.startup.VersionLoggerListener.log CATALINA_BASE:         C:\Users\samdo\Desktop\programming\web_design\Tomcat
02-Apr-2019 20:53:05.086 INFO [main] org.apache.catalina.startup.VersionLoggerListener.log CATALINA_HOME:         C:\Users\samdo\Desktop\programming\web_design\Tomcat
02-Apr-2019 20:53:05.087 INFO [main] org.apache.catalina.startup.VersionLoggerListener.log Command line argument: -Djava.util.logging.config.file=C:\Users\samdo\Desktop\programming\web_design\Tomcat\conf\logging.properties
02-Apr-2019 20:53:05.088 INFO [main] org.apache.catalina.startup.VersionLoggerListener.log Command line argument: -Djava.util.logging.manager=org.apache.juli.ClassLoaderLogManager
02-Apr-2019 20:53:05.088 INFO [main] org.apache.catalina.startup.VersionLoggerListener.log Command line argument: -Djdk.tls.ephemeralDHKeySize=2048
02-Apr-2019 20:53:05.089 INFO [main] org.apache.catalina.startup.VersionLoggerListener.log Command line argument: -Djava.protocol.handler.pkgs=org.apache.catalina.webresources
02-Apr-2019 20:53:05.089 INFO [main] org.apache.catalina.startup.VersionLoggerListener.log Command line argument: -Dignore.endorsed.dirs=
02-Apr-2019 20:53:05.090 INFO [main] org.apache.catalina.startup.VersionLoggerListener.log Command line argument: -Dcatalina.base=C:\Users\samdo\Desktop\programming\web_design\Tomcat
02-Apr-2019 20:53:05.091 INFO [main] org.apache.catalina.startup.VersionLoggerListener.log Command line argument: -Dcatalina.home=C:\Users\samdo\Desktop\programming\web_design\Tomcat
02-Apr-2019 20:53:05.101 INFO [main] org.apache.catalina.startup.VersionLoggerListener.log Command line argument: -Djava.io.tmpdir=C:\Users\samdo\Desktop\programming\web_design\Tomcat\temp
02-Apr-2019 20:53:05.101 INFO [main] org.apache.catalina.core.AprLifecycleListener.lifecycleEvent The APR based Apache Tomcat Native library which allows optimal performance in production environments was not found on the java.library.path: [C:\Program Files (x86)\Java\jdk1.8.0_181\bin;C:\WINDOWS\Sun\Java\bin;C:\WINDOWS\system32;C:\WINDOWS;C:\Users\samdo\bin;C:\Program Files\Git\mingw64\bin;C:\Program Files\Git\usr\local\bin;C:\Program Files\Git\usr\bin;C:\Program Files\Git\usr\bin;C:\Program Files\Git\mingw64\bin;C:\Program Files\Git\usr\bin;C:\Users\samdo\bin;C:\Program Files (x86)\Intel\iCLS Client;C:\Program Files\Microsoft MPI\Bin;C:\Program Files (x86)\Common Files\Oracle\Java\javapath;C:\Program Files\Intel\iCLS Client;C:\WINDOWS\system32;C:\WINDOWS;C:\WINDOWS\System32\Wbem;C:\WINDOWS\System32\WindowsPowerShell\v1.0;C:\Program Files (x86)\NVIDIA Corporation\PhysX\Common;C:\WINDOWS\system32;C:\WINDOWS;C:\WINDOWS\System32\Wbem;C:\WINDOWS\System32\WindowsPowerShell\v1.0;C:\WINDOWS\System32\OpenSSH;C:\Program Files\nodejs;C:\Program Files (x86)\Microsoft SQL Server\140\Tools\Binn;C:\Program Files\Microsoft SQL Server\140\Tools\Binn;C:\Program Files (x86)\Microsoft SQL Server\140\DTS\Binn;C:\Program Files\Microsoft SQL Server\140\DTS\Binn;C:\Program Files\Microsoft SQL Server\Client SDK\ODBC\130\Tools\Binn;C:\Program Files (x86)\Microsoft SQL Server\Client SDK\ODBC\130\Tools\Binn;C:\Program Files (x86)\Microsoft SQL Server\140\Tools\Binn\ManagementStudio;C:\Program Files\dotnet;C:\Program Files\Microsoft SQL Server\130\Tools\Binn;C:\Program Files (x86)\Java\jdk1.8.0_181\bin;C:\Program Files (x86)\Java\jre1.8.0_181\bin;C:\Program Files\Intel\WiFi\bin;C:\Program Files\Common Files\Intel\WirelessCommon;C:\Program Files (x86)\Intel\Intel(R) Management Engine Components\DAL;C:\Program Files\Intel\Intel(R) Management Engine Components\DAL;C:\Program Files\Git\cmd;C:\Users\samdo\AppData\Local\Microsoft\WindowsApps;C:\Program Files (x86)\atom\bin;C:\Users\samdo\AppData\Local\Microsoft\WindowsApps;C:\Users\samdo\AppData\Roaming\npm;C:\Users\samdo\AppData\Local\atom\bin;C:\Program Files\Git\usr\bin\vendor_perl;C:\Program Files\Git\usr\bin\core_perl;.]
02-Apr-2019 20:53:06.817 INFO [main] org.apache.coyote.AbstractProtocol.init Initializing ProtocolHandler ["http-nio-8080"]
02-Apr-2019 20:53:07.746 INFO [main] org.apache.coyote.AbstractProtocol.init Initializing ProtocolHandler ["ajp-nio-8009"]
02-Apr-2019 20:53:07.756 INFO [main] org.apache.catalina.startup.Catalina.load Server initialization in [7,420] milliseconds
02-Apr-2019 20:53:07.937 INFO [main] org.apache.catalina.core.StandardService.startInternal Starting service [Catalina]
02-Apr-2019 20:53:07.937 INFO [main] org.apache.catalina.core.StandardEngine.startInternal Starting Servlet engine: [Apache Tomcat/9.0.16]
02-Apr-2019 20:53:07.946 INFO [main] org.apache.catalina.startup.HostConfig.deployDirectory Deploying web application directory [C:\Users\samdo\Desktop\programming\web_design\Tomcat\webapps\c3130069_assignment1]
02-Apr-2019 20:53:08.873 INFO [main] org.apache.catalina.startup.HostConfig.deployDirectory Deployment of web application directory [C:\Users\samdo\Desktop\programming\web_design\Tomcat\webapps\c3130069_assignment1] has finished in [927] ms
02-Apr-2019 20:53:08.873 INFO [main] org.apache.catalina.startup.HostConfig.deployDirectory Deploying web application directory [C:\Users\samdo\Desktop\programming\web_design\Tomcat\webapps\docs]
02-Apr-2019 20:53:08.923 INFO [main] org.apache.catalina.startup.HostConfig.deployDirectory Deployment of web application directory [C:\Users\samdo\Desktop\programming\web_design\Tomcat\webapps\docs] has finished in [50] ms
02-Apr-2019 20:53:08.924 INFO [main] org.apache.catalina.startup.HostConfig.deployDirectory Deploying web application directory [C:\Users\samdo\Desktop\programming\web_design\Tomcat\webapps\examples]
02-Apr-2019 20:53:11.938 INFO [main] org.apache.catalina.startup.HostConfig.deployDirectory Deployment of web application directory [C:\Users\samdo\Desktop\programming\web_design\Tomcat\webapps\examples] has finished in [3,014] ms
02-Apr-2019 20:53:11.939 INFO [main] org.apache.catalina.startup.HostConfig.deployDirectory Deploying web application directory [C:\Users\samdo\Desktop\programming\web_design\Tomcat\webapps\host-manager]
02-Apr-2019 20:53:12.006 INFO [main] org.apache.catalina.startup.HostConfig.deployDirectory Deployment of web application directory [C:\Users\samdo\Desktop\programming\web_design\Tomcat\webapps\host-manager] has finished in [67] ms
02-Apr-2019 20:53:12.007 INFO [main] org.apache.catalina.startup.HostConfig.deployDirectory Deploying web application directory [C:\Users\samdo\Desktop\programming\web_design\Tomcat\webapps\lab01]
02-Apr-2019 20:53:12.067 INFO [main] org.apache.catalina.startup.HostConfig.deployDirectory Deployment of web application directory [C:\Users\samdo\Desktop\programming\web_design\Tomcat\webapps\lab01] has finished in [60] ms
02-Apr-2019 20:53:12.067 INFO [main] org.apache.catalina.startup.HostConfig.deployDirectory Deploying web application directory [C:\Users\samdo\Desktop\programming\web_design\Tomcat\webapps\manager]
02-Apr-2019 20:53:12.098 INFO [main] org.apache.catalina.startup.HostConfig.deployDirectory Deployment of web application directory [C:\Users\samdo\Desktop\programming\web_design\Tomcat\webapps\manager] has finished in [30] ms
02-Apr-2019 20:53:12.098 INFO [main] org.apache.catalina.startup.HostConfig.deployDirectory Deploying web application directory [C:\Users\samdo\Desktop\programming\web_design\Tomcat\webapps\ROOT]
02-Apr-2019 20:53:12.137 INFO [main] org.apache.catalina.startup.HostConfig.deployDirectory Deployment of web application directory [C:\Users\samdo\Desktop\programming\web_design\Tomcat\webapps\ROOT] has finished in [39] ms
02-Apr-2019 20:53:12.141 INFO [main] org.apache.coyote.AbstractProtocol.start Starting ProtocolHandler ["http-nio-8080"]
02-Apr-2019 20:53:12.156 INFO [main] org.apache.coyote.AbstractProtocol.start Starting ProtocolHandler ["ajp-nio-8009"]
02-Apr-2019 20:53:12.159 INFO [main] org.apache.catalina.startup.Catalina.start Server startup in [4,403] milliseconds
02-Apr-2019 22:26:17.976 INFO [Catalina-utility-1] org.apache.catalina.startup.HostConfig.deployDirectory Deploying web application directory [C:\Users\samdo\Desktop\programming\web_design\Tomcat\webapps\resources1]
02-Apr-2019 22:26:18.025 INFO [Catalina-utility-1] org.apache.catalina.startup.HostConfig.deployDirectory Deployment of web application directory [C:\Users\samdo\Desktop\programming\web_design\Tomcat\webapps\resources1] has finished in [51] ms
02-Apr-2019 22:26:18.026 INFO [Catalina-utility-1] org.apache.catalina.startup.HostConfig.deployDirectory Deploying web application directory [C:\Users\samdo\Desktop\programming\web_design\Tomcat\webapps\resources2]
02-Apr-2019 22:26:18.052 INFO [Catalina-utility-1] org.apache.catalina.startup.HostConfig.deployDirectory Deployment of web application directory [C:\Users\samdo\Desktop\programming\web_design\Tomcat\webapps\resources2] has finished in [27] ms
02-Apr-2019 22:39:02.536 INFO [main] org.apache.catalina.startup.VersionLoggerListener.log Server version name:   Apache Tomcat/9.0.16
02-Apr-2019 22:39:02.538 INFO [main] org.apache.catalina.startup.VersionLoggerListener.log Server built:          Feb 4 2019 16:30:29 UTC
02-Apr-2019 22:39:02.538 INFO [main] org.apache.catalina.startup.VersionLoggerListener.log Server version number: 9.0.16.0
02-Apr-2019 22:39:02.539 INFO [main] org.apache.catalina.startup.VersionLoggerListener.log OS Name:               Windows 10
02-Apr-2019 22:39:02.539 INFO [main] org.apache.catalina.startup.VersionLoggerListener.log OS Version:            10.0
02-Apr-2019 22:39:02.539 INFO [main] org.apache.catalina.startup.VersionLoggerListener.log Architecture:          x86
02-Apr-2019 22:39:02.539 INFO [main] org.apache.catalina.startup.VersionLoggerListener.log Java Home:             C:\Program Files (x86)\Java\jdk1.8.0_181\jre
02-Apr-2019 22:39:02.539 INFO [main] org.apache.catalina.startup.VersionLoggerListener.log JVM Version:           1.8.0_181-b13
02-Apr-2019 22:39:02.539 INFO [main] org.apache.catalina.startup.VersionLoggerListener.log JVM Vendor:            Oracle Corporation
02-Apr-2019 22:39:02.540 INFO [main] org.apache.catalina.startup.VersionLoggerListener.log CATALINA_BASE:         C:\Users\samdo\Desktop\programming\web_design\Tomcat
02-Apr-2019 22:39:02.540 INFO [main] org.apache.catalina.startup.VersionLoggerListener.log CATALINA_HOME:         C:\Users\samdo\Desktop\programming\web_design\Tomcat
02-Apr-2019 22:39:02.540 INFO [main] org.apache.catalina.startup.VersionLoggerListener.log Command line argument: -Djava.util.logging.config.file=C:\Users\samdo\Desktop\programming\web_design\Tomcat\conf\logging.properties
02-Apr-2019 22:39:02.540 INFO [main] org.apache.catalina.startup.VersionLoggerListener.log Command line argument: -Djava.util.logging.manager=org.apache.juli.ClassLoaderLogManager
02-Apr-2019 22:39:02.540 INFO [main] org.apache.catalina.startup.VersionLoggerListener.log Command line argument: -Djdk.tls.ephemeralDHKeySize=2048
02-Apr-2019 22:39:02.541 INFO [main] org.apache.catalina.startup.VersionLoggerListener.log Command line argument: -Djava.protocol.handler.pkgs=org.apache.catalina.webresources
02-Apr-2019 22:39:02.541 INFO [main] org.apache.catalina.startup.VersionLoggerListener.log Command line argument: -Dignore.endorsed.dirs=
02-Apr-2019 22:39:02.541 INFO [main] org.apache.catalina.startup.VersionLoggerListener.log Command line argument: -Dcatalina.base=C:\Users\samdo\Desktop\programming\web_design\Tomcat
02-Apr-2019 22:39:02.541 INFO [main] org.apache.catalina.startup.VersionLoggerListener.log Command line argument: -Dcatalina.home=C:\Users\samdo\Desktop\programming\web_design\Tomcat
02-Apr-2019 22:39:02.542 INFO [main] org.apache.catalina.startup.VersionLoggerListener.log Command line argument: -Djava.io.tmpdir=C:\Users\samdo\Desktop\programming\web_design\Tomcat\temp
02-Apr-2019 22:39:02.542 INFO [main] org.apache.catalina.core.AprLifecycleListener.lifecycleEvent The APR based Apache Tomcat Native library which allows optimal performance in production environments was not found on the java.library.path: [C:\Program Files (x86)\Java\jdk1.8.0_181\bin;C:\WINDOWS\Sun\Java\bin;C:\WINDOWS\system32;C:\WINDOWS;C:\Users\samdo\bin;C:\Program Files\Git\mingw64\bin;C:\Program Files\Git\usr\local\bin;C:\Program Files\Git\usr\bin;C:\Program Files\Git\usr\bin;C:\Program Files\Git\mingw64\bin;C:\Program Files\Git\usr\bin;C:\Users\samdo\bin;C:\Program Files (x86)\Intel\iCLS Client;C:\Program Files\Microsoft MPI\Bin;C:\Program Files (x86)\Common Files\Oracle\Java\javapath;C:\Program Files\Intel\iCLS Client;C:\WINDOWS\system32;C:\WINDOWS;C:\WINDOWS\System32\Wbem;C:\WINDOWS\System32\WindowsPowerShell\v1.0;C:\Program Files (x86)\NVIDIA Corporation\PhysX\Common;C:\WINDOWS\system32;C:\WINDOWS;C:\WINDOWS\System32\Wbem;C:\WINDOWS\System32\WindowsPowerShell\v1.0;C:\WINDOWS\System32\OpenSSH;C:\Program Files\nodejs;C:\Program Files (x86)\Microsoft SQL Server\140\Tools\Binn;C:\Program Files\Microsoft SQL Server\140\Tools\Binn;C:\Program Files (x86)\Microsoft SQL Server\140\DTS\Binn;C:\Program Files\Microsoft SQL Server\140\DTS\Binn;C:\Program Files\Microsoft SQL Server\Client SDK\ODBC\130\Tools\Binn;C:\Program Files (x86)\Microsoft SQL Server\Client SDK\ODBC\130\Tools\Binn;C:\Program Files (x86)\Microsoft SQL Server\140\Tools\Binn\ManagementStudio;C:\Program Files\dotnet;C:\Program Files\Microsoft SQL Server\130\Tools\Binn;C:\Program Files (x86)\Java\jdk1.8.0_181\bin;C:\Program Files (x86)\Java\jre1.8.0_181\bin;C:\Program Files\Intel\WiFi\bin;C:\Program Files\Common Files\Intel\WirelessCommon;C:\Program Files (x86)\Intel\Intel(R) Management Engine Components\DAL;C:\Program Files\Intel\Intel(R) Management Engine Components\DAL;C:\Program Files\Git\cmd;C:\Users\samdo\AppData\Local\Microsoft\WindowsApps;C:\Program Files (x86)\atom\bin;C:\Users\samdo\AppData\Local\Microsoft\WindowsApps;C:\Users\samdo\AppData\Roaming\npm;C:\Users\samdo\AppData\Local\atom\bin;C:\Program Files\Git\usr\bin\vendor_perl;C:\Program Files\Git\usr\bin\core_perl;.]
02-Apr-2019 22:39:02.631 INFO [main] org.apache.coyote.AbstractProtocol.init Initializing ProtocolHandler ["http-nio-8080"]
02-Apr-2019 22:39:02.772 SEVERE [main] org.apache.catalina.util.LifecycleBase.handleSubClassException Failed to initialize component [Connector[HTTP/1.1-8080]]
 org.apache.catalina.LifecycleException: Protocol handler initialization failed
	at org.apache.catalina.connector.Connector.initInternal(Connector.java:983)
	at org.apache.catalina.util.LifecycleBase.init(LifecycleBase.java:136)
	at org.apache.catalina.core.StandardService.initInternal(StandardService.java:535)
	at org.apache.catalina.util.LifecycleBase.init(LifecycleBase.java:136)
	at org.apache.catalina.core.StandardServer.initInternal(StandardServer.java:1055)
	at org.apache.catalina.util.LifecycleBase.init(LifecycleBase.java:136)
	at org.apache.catalina.startup.Catalina.load(Catalina.java:589)
	at org.apache.catalina.startup.Catalina.load(Catalina.java:612)
	at sun.reflect.NativeMethodAccessorImpl.invoke0(Native Method)
	at sun.reflect.NativeMethodAccessorImpl.invoke(NativeMethodAccessorImpl.java:62)
	at sun.reflect.DelegatingMethodAccessorImpl.invoke(DelegatingMethodAccessorImpl.java:43)
	at java.lang.reflect.Method.invoke(Method.java:498)
	at org.apache.catalina.startup.Bootstrap.load(Bootstrap.java:306)
	at org.apache.catalina.startup.Bootstrap.main(Bootstrap.java:491)
Caused by: java.net.BindException: Address already in use: bind
	at sun.nio.ch.Net.bind0(Native Method)
	at sun.nio.ch.Net.bind(Net.java:433)
	at sun.nio.ch.Net.bind(Net.java:425)
	at sun.nio.ch.ServerSocketChannelImpl.bind(ServerSocketChannelImpl.java:223)
	at sun.nio.ch.ServerSocketAdaptor.bind(ServerSocketAdaptor.java:74)
	at org.apache.tomcat.util.net.NioEndpoint.initServerSocket(NioEndpoint.java:236)
	at org.apache.tomcat.util.net.NioEndpoint.bind(NioEndpoint.java:210)
	at org.apache.tomcat.util.net.AbstractEndpoint.bindWithCleanup(AbstractEndpoint.java:1085)
	at org.apache.tomcat.util.net.AbstractEndpoint.init(AbstractEndpoint.java:1098)
	at org.apache.coyote.AbstractProtocol.init(AbstractProtocol.java:557)
	at org.apache.coyote.http11.AbstractHttp11Protocol.init(AbstractHttp11Protocol.java:74)
	at org.apache.catalina.connector.Connector.initInternal(Connector.java:980)
	... 13 more

02-Apr-2019 22:39:02.787 INFO [main] org.apache.coyote.AbstractProtocol.init Initializing ProtocolHandler ["ajp-nio-8009"]
02-Apr-2019 22:39:02.791 SEVERE [main] org.apache.catalina.util.LifecycleBase.handleSubClassException Failed to initialize component [Connector[AJP/1.3-8009]]
 org.apache.catalina.LifecycleException: Protocol handler initialization failed
	at org.apache.catalina.connector.Connector.initInternal(Connector.java:983)
	at org.apache.catalina.util.LifecycleBase.init(LifecycleBase.java:136)
	at org.apache.catalina.core.StandardService.initInternal(StandardService.java:535)
	at org.apache.catalina.util.LifecycleBase.init(LifecycleBase.java:136)
	at org.apache.catalina.core.StandardServer.initInternal(StandardServer.java:1055)
	at org.apache.catalina.util.LifecycleBase.init(LifecycleBase.java:136)
	at org.apache.catalina.startup.Catalina.load(Catalina.java:589)
	at org.apache.catalina.startup.Catalina.load(Catalina.java:612)
	at sun.reflect.NativeMethodAccessorImpl.invoke0(Native Method)
	at sun.reflect.NativeMethodAccessorImpl.invoke(NativeMethodAccessorImpl.java:62)
	at sun.reflect.DelegatingMethodAccessorImpl.invoke(DelegatingMethodAccessorImpl.java:43)
	at java.lang.reflect.Method.invoke(Method.java:498)
	at org.apache.catalina.startup.Bootstrap.load(Bootstrap.java:306)
	at org.apache.catalina.startup.Bootstrap.main(Bootstrap.java:491)
Caused by: java.net.BindException: Address already in use: bind
	at sun.nio.ch.Net.bind0(Native Method)
	at sun.nio.ch.Net.bind(Net.java:433)
	at sun.nio.ch.Net.bind(Net.java:425)
	at sun.nio.ch.ServerSocketChannelImpl.bind(ServerSocketChannelImpl.java:223)
	at sun.nio.ch.ServerSocketAdaptor.bind(ServerSocketAdaptor.java:74)
	at org.apache.tomcat.util.net.NioEndpoint.initServerSocket(NioEndpoint.java:236)
	at org.apache.tomcat.util.net.NioEndpoint.bind(NioEndpoint.java:210)
	at org.apache.tomcat.util.net.AbstractEndpoint.bindWithCleanup(AbstractEndpoint.java:1085)
	at org.apache.tomcat.util.net.AbstractEndpoint.init(AbstractEndpoint.java:1098)
	at org.apache.coyote.AbstractProtocol.init(AbstractProtocol.java:557)
	at org.apache.catalina.connector.Connector.initInternal(Connector.java:980)
	... 13 more

02-Apr-2019 22:39:02.792 INFO [main] org.apache.catalina.startup.Catalina.load Server initialization in [544] milliseconds
02-Apr-2019 22:39:02.810 INFO [main] org.apache.catalina.core.StandardService.startInternal Starting service [Catalina]
02-Apr-2019 22:39:02.810 INFO [main] org.apache.catalina.core.StandardEngine.startInternal Starting Servlet engine: [Apache Tomcat/9.0.16]
02-Apr-2019 22:39:02.821 INFO [main] org.apache.catalina.startup.HostConfig.deployDirectory Deploying web application directory [C:\Users\samdo\Desktop\programming\web_design\Tomcat\webapps\c3130069_assignment1]
02-Apr-2019 22:39:03.172 INFO [main] org.apache.catalina.startup.HostConfig.deployDirectory Deployment of web application directory [C:\Users\samdo\Desktop\programming\web_design\Tomcat\webapps\c3130069_assignment1] has finished in [351] ms
02-Apr-2019 22:39:03.172 INFO [main] org.apache.catalina.startup.HostConfig.deployDirectory Deploying web application directory [C:\Users\samdo\Desktop\programming\web_design\Tomcat\webapps\docs]
02-Apr-2019 22:39:03.198 INFO [main] org.apache.catalina.startup.HostConfig.deployDirectory Deployment of web application directory [C:\Users\samdo\Desktop\programming\web_design\Tomcat\webapps\docs] has finished in [26] ms
02-Apr-2019 22:39:03.199 INFO [main] org.apache.catalina.startup.HostConfig.deployDirectory Deploying web application directory [C:\Users\samdo\Desktop\programming\web_design\Tomcat\webapps\examples]
02-Apr-2019 22:39:03.574 INFO [main] org.apache.catalina.startup.HostConfig.deployDirectory Deployment of web application directory [C:\Users\samdo\Desktop\programming\web_design\Tomcat\webapps\examples] has finished in [376] ms
02-Apr-2019 22:39:03.574 INFO [main] org.apache.catalina.startup.HostConfig.deployDirectory Deploying web application directory [C:\Users\samdo\Desktop\programming\web_design\Tomcat\webapps\host-manager]
02-Apr-2019 22:39:03.604 INFO [main] org.apache.catalina.startup.HostConfig.deployDirectory Deployment of web application directory [C:\Users\samdo\Desktop\programming\web_design\Tomcat\webapps\host-manager] has finished in [30] ms
02-Apr-2019 22:39:03.604 INFO [main] org.apache.catalina.startup.HostConfig.deployDirectory Deploying web application directory [C:\Users\samdo\Desktop\programming\web_design\Tomcat\webapps\lab01]
02-Apr-2019 22:39:03.638 INFO [main] org.apache.catalina.startup.HostConfig.deployDirectory Deployment of web application directory [C:\Users\samdo\Desktop\programming\web_design\Tomcat\webapps\lab01] has finished in [34] ms
02-Apr-2019 22:39:03.638 INFO [main] org.apache.catalina.startup.HostConfig.deployDirectory Deploying web application directory [C:\Users\samdo\Desktop\programming\web_design\Tomcat\webapps\manager]
02-Apr-2019 22:39:03.664 INFO [main] org.apache.catalina.startup.HostConfig.deployDirectory Deployment of web application directory [C:\Users\samdo\Desktop\programming\web_design\Tomcat\webapps\manager] has finished in [26] ms
02-Apr-2019 22:39:03.665 INFO [main] org.apache.catalina.startup.HostConfig.deployDirectory Deploying web application directory [C:\Users\samdo\Desktop\programming\web_design\Tomcat\webapps\resources1]
02-Apr-2019 22:39:03.688 INFO [main] org.apache.catalina.startup.HostConfig.deployDirectory Deployment of web application directory [C:\Users\samdo\Desktop\programming\web_design\Tomcat\webapps\resources1] has finished in [23] ms
02-Apr-2019 22:39:03.688 INFO [main] org.apache.catalina.startup.HostConfig.deployDirectory Deploying web application directory [C:\Users\samdo\Desktop\programming\web_design\Tomcat\webapps\resources2]
02-Apr-2019 22:39:03.708 INFO [main] org.apache.catalina.startup.HostConfig.deployDirectory Deployment of web application directory [C:\Users\samdo\Desktop\programming\web_design\Tomcat\webapps\resources2] has finished in [20] ms
02-Apr-2019 22:39:03.708 INFO [main] org.apache.catalina.startup.HostConfig.deployDirectory Deploying web application directory [C:\Users\samdo\Desktop\programming\web_design\Tomcat\webapps\ROOT]
02-Apr-2019 22:39:03.729 INFO [main] org.apache.catalina.startup.HostConfig.deployDirectory Deployment of web application directory [C:\Users\samdo\Desktop\programming\web_design\Tomcat\webapps\ROOT] has finished in [21] ms
02-Apr-2019 22:39:03.734 INFO [main] org.apache.catalina.startup.Catalina.start Server startup in [941] milliseconds
02-Apr-2019 22:39:03.737 SEVERE [main] org.apache.catalina.core.StandardServer.await Failed to create server shutdown socket on address [localhost] and port [8005] (base port [8005] and offset [0])
 java.net.BindException: Address already in use: JVM_Bind
	at java.net.DualStackPlainSocketImpl.bind0(Native Method)
	at java.net.DualStackPlainSocketImpl.socketBind(DualStackPlainSocketImpl.java:106)
	at java.net.AbstractPlainSocketImpl.bind(AbstractPlainSocketImpl.java:387)
	at java.net.PlainSocketImpl.bind(PlainSocketImpl.java:190)
	at java.net.ServerSocket.bind(ServerSocket.java:375)
	at java.net.ServerSocket.<init>(ServerSocket.java:237)
	at org.apache.catalina.core.StandardServer.await(StandardServer.java:582)
	at org.apache.catalina.startup.Catalina.await(Catalina.java:726)
	at org.apache.catalina.startup.Catalina.start(Catalina.java:672)
	at sun.reflect.NativeMethodAccessorImpl.invoke0(Native Method)
	at sun.reflect.NativeMethodAccessorImpl.invoke(NativeMethodAccessorImpl.java:62)
	at sun.reflect.DelegatingMethodAccessorImpl.invoke(DelegatingMethodAccessorImpl.java:43)
	at java.lang.reflect.Method.invoke(Method.java:498)
	at org.apache.catalina.startup.Bootstrap.start(Bootstrap.java:350)
	at org.apache.catalina.startup.Bootstrap.main(Bootstrap.java:492)

02-Apr-2019 22:39:03.738 INFO [main] org.apache.coyote.AbstractProtocol.pause Pausing ProtocolHandler ["http-nio-8080"]
02-Apr-2019 22:39:03.738 INFO [main] org.apache.coyote.AbstractProtocol.pause Pausing ProtocolHandler ["ajp-nio-8009"]
02-Apr-2019 22:39:03.739 INFO [main] org.apache.catalina.core.StandardService.stopInternal Stopping service [Catalina]
02-Apr-2019 22:39:03.830 INFO [main] org.apache.coyote.AbstractProtocol.stop Stopping ProtocolHandler ["http-nio-8080"]
02-Apr-2019 22:39:03.830 INFO [main] org.apache.coyote.AbstractProtocol.destroy Destroying ProtocolHandler ["http-nio-8080"]
02-Apr-2019 22:39:03.831 INFO [main] org.apache.coyote.AbstractProtocol.stop Stopping ProtocolHandler ["ajp-nio-8009"]
02-Apr-2019 22:39:03.832 INFO [main] org.apache.coyote.AbstractProtocol.destroy Destroying ProtocolHandler ["ajp-nio-8009"]
02-Apr-2019 22:39:09.725 INFO [main] org.apache.catalina.startup.VersionLoggerListener.log Server version name:   Apache Tomcat/9.0.16
02-Apr-2019 22:39:09.728 INFO [main] org.apache.catalina.startup.VersionLoggerListener.log Server built:          Feb 4 2019 16:30:29 UTC
02-Apr-2019 22:39:09.728 INFO [main] org.apache.catalina.startup.VersionLoggerListener.log Server version number: 9.0.16.0
02-Apr-2019 22:39:09.728 INFO [main] org.apache.catalina.startup.VersionLoggerListener.log OS Name:               Windows 10
02-Apr-2019 22:39:09.728 INFO [main] org.apache.catalina.startup.VersionLoggerListener.log OS Version:            10.0
02-Apr-2019 22:39:09.728 INFO [main] org.apache.catalina.startup.VersionLoggerListener.log Architecture:          x86
02-Apr-2019 22:39:09.728 INFO [main] org.apache.catalina.startup.VersionLoggerListener.log Java Home:             C:\Program Files (x86)\Java\jdk1.8.0_181\jre
02-Apr-2019 22:39:09.729 INFO [main] org.apache.catalina.startup.VersionLoggerListener.log JVM Version:           1.8.0_181-b13
02-Apr-2019 22:39:09.729 INFO [main] org.apache.catalina.startup.VersionLoggerListener.log JVM Vendor:            Oracle Corporation
02-Apr-2019 22:39:09.729 INFO [main] org.apache.catalina.startup.VersionLoggerListener.log CATALINA_BASE:         C:\Users\samdo\Desktop\programming\web_design\Tomcat
02-Apr-2019 22:39:09.729 INFO [main] org.apache.catalina.startup.VersionLoggerListener.log CATALINA_HOME:         C:\Users\samdo\Desktop\programming\web_design\Tomcat
02-Apr-2019 22:39:09.729 INFO [main] org.apache.catalina.startup.VersionLoggerListener.log Command line argument: -Djava.util.logging.config.file=C:\Users\samdo\Desktop\programming\web_design\Tomcat\conf\logging.properties
02-Apr-2019 22:39:09.729 INFO [main] org.apache.catalina.startup.VersionLoggerListener.log Command line argument: -Djava.util.logging.manager=org.apache.juli.ClassLoaderLogManager
02-Apr-2019 22:39:09.729 INFO [main] org.apache.catalina.startup.VersionLoggerListener.log Command line argument: -Djdk.tls.ephemeralDHKeySize=2048
02-Apr-2019 22:39:09.730 INFO [main] org.apache.catalina.startup.VersionLoggerListener.log Command line argument: -Djava.protocol.handler.pkgs=org.apache.catalina.webresources
02-Apr-2019 22:39:09.730 INFO [main] org.apache.catalina.startup.VersionLoggerListener.log Command line argument: -Dignore.endorsed.dirs=
02-Apr-2019 22:39:09.730 INFO [main] org.apache.catalina.startup.VersionLoggerListener.log Command line argument: -Dcatalina.base=C:\Users\samdo\Desktop\programming\web_design\Tomcat
02-Apr-2019 22:39:09.730 INFO [main] org.apache.catalina.startup.VersionLoggerListener.log Command line argument: -Dcatalina.home=C:\Users\samdo\Desktop\programming\web_design\Tomcat
02-Apr-2019 22:39:09.731 INFO [main] org.apache.catalina.startup.VersionLoggerListener.log Command line argument: -Djava.io.tmpdir=C:\Users\samdo\Desktop\programming\web_design\Tomcat\temp
02-Apr-2019 22:39:09.731 INFO [main] org.apache.catalina.core.AprLifecycleListener.lifecycleEvent The APR based Apache Tomcat Native library which allows optimal performance in production environments was not found on the java.library.path: [C:\Program Files (x86)\Java\jdk1.8.0_181\bin;C:\WINDOWS\Sun\Java\bin;C:\WINDOWS\system32;C:\WINDOWS;C:\Users\samdo\bin;C:\Program Files\Git\mingw64\bin;C:\Program Files\Git\usr\local\bin;C:\Program Files\Git\usr\bin;C:\Program Files\Git\usr\bin;C:\Program Files\Git\mingw64\bin;C:\Program Files\Git\usr\bin;C:\Users\samdo\bin;C:\Program Files (x86)\Intel\iCLS Client;C:\Program Files\Microsoft MPI\Bin;C:\Program Files (x86)\Common Files\Oracle\Java\javapath;C:\Program Files\Intel\iCLS Client;C:\WINDOWS\system32;C:\WINDOWS;C:\WINDOWS\System32\Wbem;C:\WINDOWS\System32\WindowsPowerShell\v1.0;C:\Program Files (x86)\NVIDIA Corporation\PhysX\Common;C:\WINDOWS\system32;C:\WINDOWS;C:\WINDOWS\System32\Wbem;C:\WINDOWS\System32\WindowsPowerShell\v1.0;C:\WINDOWS\System32\OpenSSH;C:\Program Files\nodejs;C:\Program Files (x86)\Microsoft SQL Server\140\Tools\Binn;C:\Program Files\Microsoft SQL Server\140\Tools\Binn;C:\Program Files (x86)\Microsoft SQL Server\140\DTS\Binn;C:\Program Files\Microsoft SQL Server\140\DTS\Binn;C:\Program Files\Microsoft SQL Server\Client SDK\ODBC\130\Tools\Binn;C:\Program Files (x86)\Microsoft SQL Server\Client SDK\ODBC\130\Tools\Binn;C:\Program Files (x86)\Microsoft SQL Server\140\Tools\Binn\ManagementStudio;C:\Program Files\dotnet;C:\Program Files\Microsoft SQL Server\130\Tools\Binn;C:\Program Files (x86)\Java\jdk1.8.0_181\bin;C:\Program Files (x86)\Java\jre1.8.0_181\bin;C:\Program Files\Intel\WiFi\bin;C:\Program Files\Common Files\Intel\WirelessCommon;C:\Program Files (x86)\Intel\Intel(R) Management Engine Components\DAL;C:\Program Files\Intel\Intel(R) Management Engine Components\DAL;C:\Program Files\Git\cmd;C:\Users\samdo\AppData\Local\Microsoft\WindowsApps;C:\Program Files (x86)\atom\bin;C:\Users\samdo\AppData\Local\Microsoft\WindowsApps;C:\Users\samdo\AppData\Roaming\npm;C:\Users\samdo\AppData\Local\atom\bin;C:\Program Files\Git\usr\bin\vendor_perl;C:\Program Files\Git\usr\bin\core_perl;.]
02-Apr-2019 22:39:09.818 INFO [main] org.apache.coyote.AbstractProtocol.init Initializing ProtocolHandler ["http-nio-8080"]
02-Apr-2019 22:39:09.966 INFO [main] org.apache.coyote.AbstractProtocol.init Initializing ProtocolHandler ["ajp-nio-8009"]
02-Apr-2019 22:39:09.969 INFO [main] org.apache.catalina.startup.Catalina.load Server initialization in [490] milliseconds
02-Apr-2019 22:39:10.074 INFO [main] org.apache.catalina.core.StandardService.startInternal Starting service [Catalina]
02-Apr-2019 22:39:10.074 INFO [main] org.apache.catalina.core.StandardEngine.startInternal Starting Servlet engine: [Apache Tomcat/9.0.16]
02-Apr-2019 22:39:10.084 INFO [main] org.apache.catalina.startup.HostConfig.deployDirectory Deploying web application directory [C:\Users\samdo\Desktop\programming\web_design\Tomcat\webapps\c3130069_assignment1]
02-Apr-2019 22:39:10.317 INFO [main] org.apache.catalina.startup.HostConfig.deployDirectory Deployment of web application directory [C:\Users\samdo\Desktop\programming\web_design\Tomcat\webapps\c3130069_assignment1] has finished in [233] ms
02-Apr-2019 22:39:10.318 INFO [main] org.apache.catalina.startup.HostConfig.deployDirectory Deploying web application directory [C:\Users\samdo\Desktop\programming\web_design\Tomcat\webapps\docs]
02-Apr-2019 22:39:10.354 INFO [main] org.apache.catalina.startup.HostConfig.deployDirectory Deployment of web application directory [C:\Users\samdo\Desktop\programming\web_design\Tomcat\webapps\docs] has finished in [36] ms
02-Apr-2019 22:39:10.355 INFO [main] org.apache.catalina.startup.HostConfig.deployDirectory Deploying web application directory [C:\Users\samdo\Desktop\programming\web_design\Tomcat\webapps\examples]
02-Apr-2019 22:39:10.693 INFO [main] org.apache.catalina.startup.HostConfig.deployDirectory Deployment of web application directory [C:\Users\samdo\Desktop\programming\web_design\Tomcat\webapps\examples] has finished in [338] ms
02-Apr-2019 22:39:10.694 INFO [main] org.apache.catalina.startup.HostConfig.deployDirectory Deploying web application directory [C:\Users\samdo\Desktop\programming\web_design\Tomcat\webapps\host-manager]
02-Apr-2019 22:39:10.733 INFO [main] org.apache.catalina.startup.HostConfig.deployDirectory Deployment of web application directory [C:\Users\samdo\Desktop\programming\web_design\Tomcat\webapps\host-manager] has finished in [40] ms
02-Apr-2019 22:39:10.733 INFO [main] org.apache.catalina.startup.HostConfig.deployDirectory Deploying web application directory [C:\Users\samdo\Desktop\programming\web_design\Tomcat\webapps\lab01]
02-Apr-2019 22:39:10.766 INFO [main] org.apache.catalina.startup.HostConfig.deployDirectory Deployment of web application directory [C:\Users\samdo\Desktop\programming\web_design\Tomcat\webapps\lab01] has finished in [33] ms
02-Apr-2019 22:39:10.767 INFO [main] org.apache.catalina.startup.HostConfig.deployDirectory Deploying web application directory [C:\Users\samdo\Desktop\programming\web_design\Tomcat\webapps\manager]
02-Apr-2019 22:39:10.791 INFO [main] org.apache.catalina.startup.HostConfig.deployDirectory Deployment of web application directory [C:\Users\samdo\Desktop\programming\web_design\Tomcat\webapps\manager] has finished in [25] ms
02-Apr-2019 22:39:10.792 INFO [main] org.apache.catalina.startup.HostConfig.deployDirectory Deploying web application directory [C:\Users\samdo\Desktop\programming\web_design\Tomcat\webapps\resources1]
02-Apr-2019 22:39:10.815 INFO [main] org.apache.catalina.startup.HostConfig.deployDirectory Deployment of web application directory [C:\Users\samdo\Desktop\programming\web_design\Tomcat\webapps\resources1] has finished in [23] ms
02-Apr-2019 22:39:10.815 INFO [main] org.apache.catalina.startup.HostConfig.deployDirectory Deploying web application directory [C:\Users\samdo\Desktop\programming\web_design\Tomcat\webapps\resources2]
02-Apr-2019 22:39:10.834 INFO [main] org.apache.catalina.startup.HostConfig.deployDirectory Deployment of web application directory [C:\Users\samdo\Desktop\programming\web_design\Tomcat\webapps\resources2] has finished in [19] ms
02-Apr-2019 22:39:10.835 INFO [main] org.apache.catalina.startup.HostConfig.deployDirectory Deploying web application directory [C:\Users\samdo\Desktop\programming\web_design\Tomcat\webapps\ROOT]
02-Apr-2019 22:39:10.856 INFO [main] org.apache.catalina.startup.HostConfig.deployDirectory Deployment of web application directory [C:\Users\samdo\Desktop\programming\web_design\Tomcat\webapps\ROOT] has finished in [21] ms
02-Apr-2019 22:39:10.859 INFO [main] org.apache.coyote.AbstractProtocol.start Starting ProtocolHandler ["http-nio-8080"]
02-Apr-2019 22:39:10.867 INFO [main] org.apache.coyote.AbstractProtocol.start Starting ProtocolHandler ["ajp-nio-8009"]
02-Apr-2019 22:39:10.870 INFO [main] org.apache.catalina.startup.Catalina.start Server startup in [901] milliseconds
02-Apr-2019 22:40:39.611 INFO [main] org.apache.catalina.startup.VersionLoggerListener.log Server version name:   Apache Tomcat/9.0.16
02-Apr-2019 22:40:39.613 INFO [main] org.apache.catalina.startup.VersionLoggerListener.log Server built:          Feb 4 2019 16:30:29 UTC
02-Apr-2019 22:40:39.613 INFO [main] org.apache.catalina.startup.VersionLoggerListener.log Server version number: 9.0.16.0
02-Apr-2019 22:40:39.613 INFO [main] org.apache.catalina.startup.VersionLoggerListener.log OS Name:               Windows 10
02-Apr-2019 22:40:39.614 INFO [main] org.apache.catalina.startup.VersionLoggerListener.log OS Version:            10.0
02-Apr-2019 22:40:39.614 INFO [main] org.apache.catalina.startup.VersionLoggerListener.log Architecture:          x86
02-Apr-2019 22:40:39.614 INFO [main] org.apache.catalina.startup.VersionLoggerListener.log Java Home:             C:\Program Files (x86)\Java\jdk1.8.0_181\jre
02-Apr-2019 22:40:39.614 INFO [main] org.apache.catalina.startup.VersionLoggerListener.log JVM Version:           1.8.0_181-b13
02-Apr-2019 22:40:39.614 INFO [main] org.apache.catalina.startup.VersionLoggerListener.log JVM Vendor:            Oracle Corporation
02-Apr-2019 22:40:39.614 INFO [main] org.apache.catalina.startup.VersionLoggerListener.log CATALINA_BASE:         C:\Users\samdo\Desktop\programming\web_design\Tomcat
02-Apr-2019 22:40:39.615 INFO [main] org.apache.catalina.startup.VersionLoggerListener.log CATALINA_HOME:         C:\Users\samdo\Desktop\programming\web_design\Tomcat
02-Apr-2019 22:40:39.615 INFO [main] org.apache.catalina.startup.VersionLoggerListener.log Command line argument: -Djava.util.logging.config.file=C:\Users\samdo\Desktop\programming\web_design\Tomcat\conf\logging.properties
02-Apr-2019 22:40:39.615 INFO [main] org.apache.catalina.startup.VersionLoggerListener.log Command line argument: -Djava.util.logging.manager=org.apache.juli.ClassLoaderLogManager
02-Apr-2019 22:40:39.615 INFO [main] org.apache.catalina.startup.VersionLoggerListener.log Command line argument: -Djdk.tls.ephemeralDHKeySize=2048
02-Apr-2019 22:40:39.615 INFO [main] org.apache.catalina.startup.VersionLoggerListener.log Command line argument: -Djava.protocol.handler.pkgs=org.apache.catalina.webresources
02-Apr-2019 22:40:39.615 INFO [main] org.apache.catalina.startup.VersionLoggerListener.log Command line argument: -Dignore.endorsed.dirs=
02-Apr-2019 22:40:39.616 INFO [main] org.apache.catalina.startup.VersionLoggerListener.log Command line argument: -Dcatalina.base=C:\Users\samdo\Desktop\programming\web_design\Tomcat
02-Apr-2019 22:40:39.617 INFO [main] org.apache.catalina.startup.VersionLoggerListener.log Command line argument: -Dcatalina.home=C:\Users\samdo\Desktop\programming\web_design\Tomcat
02-Apr-2019 22:40:39.617 INFO [main] org.apache.catalina.startup.VersionLoggerListener.log Command line argument: -Djava.io.tmpdir=C:\Users\samdo\Desktop\programming\web_design\Tomcat\temp
02-Apr-2019 22:40:39.618 INFO [main] org.apache.catalina.core.AprLifecycleListener.lifecycleEvent The APR based Apache Tomcat Native library which allows optimal performance in production environments was not found on the java.library.path: [C:\Program Files (x86)\Java\jdk1.8.0_181\bin;C:\WINDOWS\Sun\Java\bin;C:\WINDOWS\system32;C:\WINDOWS;C:\Users\samdo\bin;C:\Program Files\Git\mingw64\bin;C:\Program Files\Git\usr\local\bin;C:\Program Files\Git\usr\bin;C:\Program Files\Git\usr\bin;C:\Program Files\Git\mingw64\bin;C:\Program Files\Git\usr\bin;C:\Users\samdo\bin;C:\Program Files (x86)\Intel\iCLS Client;C:\Program Files\Microsoft MPI\Bin;C:\Program Files (x86)\Common Files\Oracle\Java\javapath;C:\Program Files\Intel\iCLS Client;C:\WINDOWS\system32;C:\WINDOWS;C:\WINDOWS\System32\Wbem;C:\WINDOWS\System32\WindowsPowerShell\v1.0;C:\Program Files (x86)\NVIDIA Corporation\PhysX\Common;C:\WINDOWS\system32;C:\WINDOWS;C:\WINDOWS\System32\Wbem;C:\WINDOWS\System32\WindowsPowerShell\v1.0;C:\WINDOWS\System32\OpenSSH;C:\Program Files\nodejs;C:\Program Files (x86)\Microsoft SQL Server\140\Tools\Binn;C:\Program Files\Microsoft SQL Server\140\Tools\Binn;C:\Program Files (x86)\Microsoft SQL Server\140\DTS\Binn;C:\Program Files\Microsoft SQL Server\140\DTS\Binn;C:\Program Files\Microsoft SQL Server\Client SDK\ODBC\130\Tools\Binn;C:\Program Files (x86)\Microsoft SQL Server\Client SDK\ODBC\130\Tools\Binn;C:\Program Files (x86)\Microsoft SQL Server\140\Tools\Binn\ManagementStudio;C:\Program Files\dotnet;C:\Program Files\Microsoft SQL Server\130\Tools\Binn;C:\Program Files (x86)\Java\jdk1.8.0_181\bin;C:\Program Files (x86)\Java\jre1.8.0_181\bin;C:\Program Files\Intel\WiFi\bin;C:\Program Files\Common Files\Intel\WirelessCommon;C:\Program Files (x86)\Intel\Intel(R) Management Engine Components\DAL;C:\Program Files\Intel\Intel(R) Management Engine Components\DAL;C:\Program Files\Git\cmd;C:\Users\samdo\AppData\Local\Microsoft\WindowsApps;C:\Program Files (x86)\atom\bin;C:\Users\samdo\AppData\Local\Microsoft\WindowsApps;C:\Users\samdo\AppData\Roaming\npm;C:\Users\samdo\AppData\Local\atom\bin;C:\Program Files\Git\usr\bin\vendor_perl;C:\Program Files\Git\usr\bin\core_perl;.]
02-Apr-2019 22:40:40.098 INFO [main] org.apache.coyote.AbstractProtocol.init Initializing ProtocolHandler ["http-nio-8080"]
02-Apr-2019 22:40:40.267 INFO [main] org.apache.coyote.AbstractProtocol.init Initializing ProtocolHandler ["ajp-nio-8009"]
02-Apr-2019 22:40:40.273 INFO [main] org.apache.catalina.startup.Catalina.load Server initialization in [917] milliseconds
02-Apr-2019 22:40:40.310 INFO [main] org.apache.catalina.core.StandardService.startInternal Starting service [Catalina]
02-Apr-2019 22:40:40.310 INFO [main] org.apache.catalina.core.StandardEngine.startInternal Starting Servlet engine: [Apache Tomcat/9.0.16]
02-Apr-2019 22:40:40.319 INFO [main] org.apache.catalina.startup.HostConfig.deployDirectory Deploying web application directory [C:\Users\samdo\Desktop\programming\web_design\Tomcat\webapps\c3130069_assignment1]
02-Apr-2019 22:40:40.599 INFO [main] org.apache.catalina.startup.HostConfig.deployDirectory Deployment of web application directory [C:\Users\samdo\Desktop\programming\web_design\Tomcat\webapps\c3130069_assignment1] has finished in [280] ms
02-Apr-2019 22:40:40.599 INFO [main] org.apache.catalina.startup.HostConfig.deployDirectory Deploying web application directory [C:\Users\samdo\Desktop\programming\web_design\Tomcat\webapps\docs]
02-Apr-2019 22:40:40.662 INFO [main] org.apache.catalina.startup.HostConfig.deployDirectory Deployment of web application directory [C:\Users\samdo\Desktop\programming\web_design\Tomcat\webapps\docs] has finished in [63] ms
02-Apr-2019 22:40:40.663 INFO [main] org.apache.catalina.startup.HostConfig.deployDirectory Deploying web application directory [C:\Users\samdo\Desktop\programming\web_design\Tomcat\webapps\examples]
02-Apr-2019 22:40:41.406 INFO [main] org.apache.catalina.startup.HostConfig.deployDirectory Deployment of web application directory [C:\Users\samdo\Desktop\programming\web_design\Tomcat\webapps\examples] has finished in [743] ms
02-Apr-2019 22:40:41.407 INFO [main] org.apache.catalina.startup.HostConfig.deployDirectory Deploying web application directory [C:\Users\samdo\Desktop\programming\web_design\Tomcat\webapps\host-manager]
02-Apr-2019 22:40:41.456 INFO [main] org.apache.catalina.startup.HostConfig.deployDirectory Deployment of web application directory [C:\Users\samdo\Desktop\programming\web_design\Tomcat\webapps\host-manager] has finished in [48] ms
02-Apr-2019 22:40:41.456 INFO [main] org.apache.catalina.startup.HostConfig.deployDirectory Deploying web application directory [C:\Users\samdo\Desktop\programming\web_design\Tomcat\webapps\lab01]
02-Apr-2019 22:40:41.498 INFO [main] org.apache.catalina.startup.HostConfig.deployDirectory Deployment of web application directory [C:\Users\samdo\Desktop\programming\web_design\Tomcat\webapps\lab01] has finished in [41] ms
02-Apr-2019 22:40:41.498 INFO [main] org.apache.catalina.startup.HostConfig.deployDirectory Deploying web application directory [C:\Users\samdo\Desktop\programming\web_design\Tomcat\webapps\manager]
02-Apr-2019 22:40:41.529 INFO [main] org.apache.catalina.startup.HostConfig.deployDirectory Deployment of web application directory [C:\Users\samdo\Desktop\programming\web_design\Tomcat\webapps\manager] has finished in [31] ms
02-Apr-2019 22:40:41.530 INFO [main] org.apache.catalina.startup.HostConfig.deployDirectory Deploying web application directory [C:\Users\samdo\Desktop\programming\web_design\Tomcat\webapps\resources1]
02-Apr-2019 22:40:41.555 INFO [main] org.apache.catalina.startup.HostConfig.deployDirectory Deployment of web application directory [C:\Users\samdo\Desktop\programming\web_design\Tomcat\webapps\resources1] has finished in [25] ms
02-Apr-2019 22:40:41.556 INFO [main] org.apache.catalina.startup.HostConfig.deployDirectory Deploying web application directory [C:\Users\samdo\Desktop\programming\web_design\Tomcat\webapps\resources2]
02-Apr-2019 22:40:41.575 INFO [main] org.apache.catalina.startup.HostConfig.deployDirectory Deployment of web application directory [C:\Users\samdo\Desktop\programming\web_design\Tomcat\webapps\resources2] has finished in [19] ms
02-Apr-2019 22:40:41.576 INFO [main] org.apache.catalina.startup.HostConfig.deployDirectory Deploying web application directory [C:\Users\samdo\Desktop\programming\web_design\Tomcat\webapps\ROOT]
02-Apr-2019 22:40:41.627 INFO [main] org.apache.catalina.startup.HostConfig.deployDirectory Deployment of web application directory [C:\Users\samdo\Desktop\programming\web_design\Tomcat\webapps\ROOT] has finished in [51] ms
02-Apr-2019 22:40:41.631 INFO [main] org.apache.coyote.AbstractProtocol.start Starting ProtocolHandler ["http-nio-8080"]
02-Apr-2019 22:40:41.641 INFO [main] org.apache.coyote.AbstractProtocol.start Starting ProtocolHandler ["ajp-nio-8009"]
02-Apr-2019 22:40:41.644 INFO [main] org.apache.catalina.startup.Catalina.start Server startup in [1,371] milliseconds
02-Apr-2019 23:01:39.342 INFO [main] org.apache.catalina.startup.VersionLoggerListener.log Server version name:   Apache Tomcat/9.0.16
02-Apr-2019 23:01:39.344 INFO [main] org.apache.catalina.startup.VersionLoggerListener.log Server built:          Feb 4 2019 16:30:29 UTC
02-Apr-2019 23:01:39.344 INFO [main] org.apache.catalina.startup.VersionLoggerListener.log Server version number: 9.0.16.0
02-Apr-2019 23:01:39.344 INFO [main] org.apache.catalina.startup.VersionLoggerListener.log OS Name:               Windows 10
02-Apr-2019 23:01:39.345 INFO [main] org.apache.catalina.startup.VersionLoggerListener.log OS Version:            10.0
02-Apr-2019 23:01:39.345 INFO [main] org.apache.catalina.startup.VersionLoggerListener.log Architecture:          x86
02-Apr-2019 23:01:39.345 INFO [main] org.apache.catalina.startup.VersionLoggerListener.log Java Home:             C:\Program Files (x86)\Java\jdk1.8.0_181\jre
02-Apr-2019 23:01:39.345 INFO [main] org.apache.catalina.startup.VersionLoggerListener.log JVM Version:           1.8.0_181-b13
02-Apr-2019 23:01:39.345 INFO [main] org.apache.catalina.startup.VersionLoggerListener.log JVM Vendor:            Oracle Corporation
02-Apr-2019 23:01:39.345 INFO [main] org.apache.catalina.startup.VersionLoggerListener.log CATALINA_BASE:         C:\Users\samdo\Desktop\programming\web_design\Tomcat
02-Apr-2019 23:01:39.345 INFO [main] org.apache.catalina.startup.VersionLoggerListener.log CATALINA_HOME:         C:\Users\samdo\Desktop\programming\web_design\Tomcat
02-Apr-2019 23:01:39.345 INFO [main] org.apache.catalina.startup.VersionLoggerListener.log Command line argument: -Djava.util.logging.config.file=C:\Users\samdo\Desktop\programming\web_design\Tomcat\conf\logging.properties
02-Apr-2019 23:01:39.346 INFO [main] org.apache.catalina.startup.VersionLoggerListener.log Command line argument: -Djava.util.logging.manager=org.apache.juli.ClassLoaderLogManager
02-Apr-2019 23:01:39.346 INFO [main] org.apache.catalina.startup.VersionLoggerListener.log Command line argument: -Djdk.tls.ephemeralDHKeySize=2048
02-Apr-2019 23:01:39.346 INFO [main] org.apache.catalina.startup.VersionLoggerListener.log Command line argument: -Djava.protocol.handler.pkgs=org.apache.catalina.webresources
02-Apr-2019 23:01:39.346 INFO [main] org.apache.catalina.startup.VersionLoggerListener.log Command line argument: -Dignore.endorsed.dirs=
02-Apr-2019 23:01:39.346 INFO [main] org.apache.catalina.startup.VersionLoggerListener.log Command line argument: -Dcatalina.base=C:\Users\samdo\Desktop\programming\web_design\Tomcat
02-Apr-2019 23:01:39.346 INFO [main] org.apache.catalina.startup.VersionLoggerListener.log Command line argument: -Dcatalina.home=C:\Users\samdo\Desktop\programming\web_design\Tomcat
02-Apr-2019 23:01:39.347 INFO [main] org.apache.catalina.startup.VersionLoggerListener.log Command line argument: -Djava.io.tmpdir=C:\Users\samdo\Desktop\programming\web_design\Tomcat\temp
02-Apr-2019 23:01:39.347 INFO [main] org.apache.catalina.core.AprLifecycleListener.lifecycleEvent The APR based Apache Tomcat Native library which allows optimal performance in production environments was not found on the java.library.path: [C:\Program Files (x86)\Java\jdk1.8.0_181\bin;C:\WINDOWS\Sun\Java\bin;C:\WINDOWS\system32;C:\WINDOWS;C:\Users\samdo\bin;C:\Program Files\Git\mingw64\bin;C:\Program Files\Git\usr\local\bin;C:\Program Files\Git\usr\bin;C:\Program Files\Git\usr\bin;C:\Program Files\Git\mingw64\bin;C:\Program Files\Git\usr\bin;C:\Users\samdo\bin;C:\Program Files (x86)\Intel\iCLS Client;C:\Program Files\Microsoft MPI\Bin;C:\Program Files (x86)\Common Files\Oracle\Java\javapath;C:\Program Files\Intel\iCLS Client;C:\WINDOWS\system32;C:\WINDOWS;C:\WINDOWS\System32\Wbem;C:\WINDOWS\System32\WindowsPowerShell\v1.0;C:\Program Files (x86)\NVIDIA Corporation\PhysX\Common;C:\WINDOWS\system32;C:\WINDOWS;C:\WINDOWS\System32\Wbem;C:\WINDOWS\System32\WindowsPowerShell\v1.0;C:\WINDOWS\System32\OpenSSH;C:\Program Files\nodejs;C:\Program Files (x86)\Microsoft SQL Server\140\Tools\Binn;C:\Program Files\Microsoft SQL Server\140\Tools\Binn;C:\Program Files (x86)\Microsoft SQL Server\140\DTS\Binn;C:\Program Files\Microsoft SQL Server\140\DTS\Binn;C:\Program Files\Microsoft SQL Server\Client SDK\ODBC\130\Tools\Binn;C:\Program Files (x86)\Microsoft SQL Server\Client SDK\ODBC\130\Tools\Binn;C:\Program Files (x86)\Microsoft SQL Server\140\Tools\Binn\ManagementStudio;C:\Program Files\dotnet;C:\Program Files\Microsoft SQL Server\130\Tools\Binn;C:\Program Files (x86)\Java\jdk1.8.0_181\bin;C:\Program Files (x86)\Java\jre1.8.0_181\bin;C:\Program Files\Intel\WiFi\bin;C:\Program Files\Common Files\Intel\WirelessCommon;C:\Program Files (x86)\Intel\Intel(R) Management Engine Components\DAL;C:\Program Files\Intel\Intel(R) Management Engine Components\DAL;C:\Program Files\Git\cmd;C:\Users\samdo\AppData\Local\Microsoft\WindowsApps;C:\Program Files (x86)\atom\bin;C:\Users\samdo\AppData\Local\Microsoft\WindowsApps;C:\Users\samdo\AppData\Roaming\npm;C:\Users\samdo\AppData\Local\atom\bin;C:\Program Files\Git\usr\bin\vendor_perl;C:\Program Files\Git\usr\bin\core_perl;.]
02-Apr-2019 23:01:39.442 INFO [main] org.apache.coyote.AbstractProtocol.init Initializing ProtocolHandler ["http-nio-8080"]
02-Apr-2019 23:01:39.591 INFO [main] org.apache.coyote.AbstractProtocol.init Initializing ProtocolHandler ["ajp-nio-8009"]
02-Apr-2019 23:01:39.594 INFO [main] org.apache.catalina.startup.Catalina.load Server initialization in [525] milliseconds
02-Apr-2019 23:01:39.616 INFO [main] org.apache.catalina.core.StandardService.startInternal Starting service [Catalina]
02-Apr-2019 23:01:39.617 INFO [main] org.apache.catalina.core.StandardEngine.startInternal Starting Servlet engine: [Apache Tomcat/9.0.16]
02-Apr-2019 23:01:39.626 INFO [main] org.apache.catalina.startup.HostConfig.deployDirectory Deploying web application directory [C:\Users\samdo\Desktop\programming\web_design\Tomcat\webapps\c3130069_assignment1]
02-Apr-2019 23:01:39.875 INFO [main] org.apache.catalina.startup.HostConfig.deployDirectory Deployment of web application directory [C:\Users\samdo\Desktop\programming\web_design\Tomcat\webapps\c3130069_assignment1] has finished in [249] ms
02-Apr-2019 23:01:39.875 INFO [main] org.apache.catalina.startup.HostConfig.deployDirectory Deploying web application directory [C:\Users\samdo\Desktop\programming\web_design\Tomcat\webapps\docs]
02-Apr-2019 23:01:39.918 INFO [main] org.apache.catalina.startup.HostConfig.deployDirectory Deployment of web application directory [C:\Users\samdo\Desktop\programming\web_design\Tomcat\webapps\docs] has finished in [43] ms
02-Apr-2019 23:01:39.919 INFO [main] org.apache.catalina.startup.HostConfig.deployDirectory Deploying web application directory [C:\Users\samdo\Desktop\programming\web_design\Tomcat\webapps\examples]
02-Apr-2019 23:01:40.279 INFO [main] org.apache.catalina.startup.HostConfig.deployDirectory Deployment of web application directory [C:\Users\samdo\Desktop\programming\web_design\Tomcat\webapps\examples] has finished in [360] ms
02-Apr-2019 23:01:40.280 INFO [main] org.apache.catalina.startup.HostConfig.deployDirectory Deploying web application directory [C:\Users\samdo\Desktop\programming\web_design\Tomcat\webapps\host-manager]
02-Apr-2019 23:01:40.311 INFO [main] org.apache.catalina.startup.HostConfig.deployDirectory Deployment of web application directory [C:\Users\samdo\Desktop\programming\web_design\Tomcat\webapps\host-manager] has finished in [31] ms
02-Apr-2019 23:01:40.312 INFO [main] org.apache.catalina.startup.HostConfig.deployDirectory Deploying web application directory [C:\Users\samdo\Desktop\programming\web_design\Tomcat\webapps\lab01]
02-Apr-2019 23:01:40.347 INFO [main] org.apache.catalina.startup.HostConfig.deployDirectory Deployment of web application directory [C:\Users\samdo\Desktop\programming\web_design\Tomcat\webapps\lab01] has finished in [35] ms
02-Apr-2019 23:01:40.347 INFO [main] org.apache.catalina.startup.HostConfig.deployDirectory Deploying web application directory [C:\Users\samdo\Desktop\programming\web_design\Tomcat\webapps\manager]
02-Apr-2019 23:01:40.374 INFO [main] org.apache.catalina.startup.HostConfig.deployDirectory Deployment of web application directory [C:\Users\samdo\Desktop\programming\web_design\Tomcat\webapps\manager] has finished in [27] ms
02-Apr-2019 23:01:40.374 INFO [main] org.apache.catalina.startup.HostConfig.deployDirectory Deploying web application directory [C:\Users\samdo\Desktop\programming\web_design\Tomcat\webapps\resources1]
02-Apr-2019 23:01:40.397 INFO [main] org.apache.catalina.startup.HostConfig.deployDirectory Deployment of web application directory [C:\Users\samdo\Desktop\programming\web_design\Tomcat\webapps\resources1] has finished in [23] ms
02-Apr-2019 23:01:40.397 INFO [main] org.apache.catalina.startup.HostConfig.deployDirectory Deploying web application directory [C:\Users\samdo\Desktop\programming\web_design\Tomcat\webapps\resources2]
02-Apr-2019 23:01:40.418 INFO [main] org.apache.catalina.startup.HostConfig.deployDirectory Deployment of web application directory [C:\Users\samdo\Desktop\programming\web_design\Tomcat\webapps\resources2] has finished in [20] ms
02-Apr-2019 23:01:40.418 INFO [main] org.apache.catalina.startup.HostConfig.deployDirectory Deploying web application directory [C:\Users\samdo\Desktop\programming\web_design\Tomcat\webapps\ROOT]
02-Apr-2019 23:01:40.439 INFO [main] org.apache.catalina.startup.HostConfig.deployDirectory Deployment of web application directory [C:\Users\samdo\Desktop\programming\web_design\Tomcat\webapps\ROOT] has finished in [21] ms
02-Apr-2019 23:01:40.443 INFO [main] org.apache.coyote.AbstractProtocol.start Starting ProtocolHandler ["http-nio-8080"]
02-Apr-2019 23:01:40.451 INFO [main] org.apache.coyote.AbstractProtocol.start Starting ProtocolHandler ["ajp-nio-8009"]
02-Apr-2019 23:01:40.455 INFO [main] org.apache.catalina.startup.Catalina.start Server startup in [860] milliseconds
