03-Apr-2019 21:23:55.810 INFO [main] org.apache.catalina.core.ApplicationContext.log ContextListener: contextInitialized()
03-Apr-2019 21:23:55.810 INFO [main] org.apache.catalina.core.ApplicationContext.log SessionListener: contextInitialized()
03-Apr-2019 21:23:55.811 INFO [main] org.apache.catalina.core.ApplicationContext.log ContextListener: attributeAdded('StockTicker', 'async.Stockticker@1c0f706')
03-Apr-2019 21:32:10.566 INFO [main] org.apache.catalina.core.ApplicationContext.log ContextListener: contextInitialized()
03-Apr-2019 21:32:10.566 INFO [main] org.apache.catalina.core.ApplicationContext.log SessionListener: contextInitialized()
03-Apr-2019 21:32:10.568 INFO [main] org.apache.catalina.core.ApplicationContext.log ContextListener: attributeAdded('StockTicker', 'async.Stockticker@f9cb')
03-Apr-2019 21:32:10.766 INFO [main] org.apache.catalina.core.ApplicationContext.log SessionListener: contextDestroyed()
03-Apr-2019 21:32:10.766 INFO [main] org.apache.catalina.core.ApplicationContext.log ContextListener: contextDestroyed()
03-Apr-2019 21:36:58.861 INFO [main] org.apache.catalina.core.ApplicationContext.log ContextListener: contextInitialized()
03-Apr-2019 21:36:58.861 INFO [main] org.apache.catalina.core.ApplicationContext.log SessionListener: contextInitialized()
03-Apr-2019 21:36:58.862 INFO [main] org.apache.catalina.core.ApplicationContext.log ContextListener: attributeAdded('StockTicker', 'async.Stockticker@f9cb')
03-Apr-2019 21:36:59.056 INFO [main] org.apache.catalina.core.ApplicationContext.log SessionListener: contextDestroyed()
03-Apr-2019 21:36:59.056 INFO [main] org.apache.catalina.core.ApplicationContext.log ContextListener: contextDestroyed()
03-Apr-2019 21:42:38.790 INFO [main] org.apache.catalina.core.ApplicationContext.log ContextListener: contextInitialized()
03-Apr-2019 21:42:38.791 INFO [main] org.apache.catalina.core.ApplicationContext.log SessionListener: contextInitialized()
03-Apr-2019 21:42:38.792 INFO [main] org.apache.catalina.core.ApplicationContext.log ContextListener: attributeAdded('StockTicker', 'async.Stockticker@1c0f706')
03-Apr-2019 21:43:56.486 INFO [main] org.apache.catalina.core.ApplicationContext.log ContextListener: contextInitialized()
03-Apr-2019 21:43:56.486 INFO [main] org.apache.catalina.core.ApplicationContext.log SessionListener: contextInitialized()
03-Apr-2019 21:43:56.487 INFO [main] org.apache.catalina.core.ApplicationContext.log ContextListener: attributeAdded('StockTicker', 'async.Stockticker@1c0f706')
03-Apr-2019 21:49:25.953 INFO [main] org.apache.catalina.core.ApplicationContext.log ContextListener: contextInitialized()
03-Apr-2019 21:49:25.953 INFO [main] org.apache.catalina.core.ApplicationContext.log SessionListener: contextInitialized()
03-Apr-2019 21:49:25.955 INFO [main] org.apache.catalina.core.ApplicationContext.log ContextListener: attributeAdded('StockTicker', 'async.Stockticker@1c0f706')
03-Apr-2019 21:56:35.489 INFO [main] org.apache.catalina.core.ApplicationContext.log ContextListener: contextInitialized()
03-Apr-2019 21:56:35.490 INFO [main] org.apache.catalina.core.ApplicationContext.log SessionListener: contextInitialized()
03-Apr-2019 21:56:35.491 INFO [main] org.apache.catalina.core.ApplicationContext.log ContextListener: attributeAdded('StockTicker', 'async.Stockticker@f9cb')
03-Apr-2019 21:56:35.674 INFO [main] org.apache.catalina.core.ApplicationContext.log SessionListener: contextDestroyed()
03-Apr-2019 21:56:35.674 INFO [main] org.apache.catalina.core.ApplicationContext.log ContextListener: contextDestroyed()
03-Apr-2019 21:58:18.876 INFO [main] org.apache.catalina.core.ApplicationContext.log ContextListener: contextInitialized()
03-Apr-2019 21:58:18.876 INFO [main] org.apache.catalina.core.ApplicationContext.log SessionListener: contextInitialized()
03-Apr-2019 21:58:18.877 INFO [main] org.apache.catalina.core.ApplicationContext.log ContextListener: attributeAdded('StockTicker', 'async.Stockticker@1c0f706')
03-Apr-2019 22:10:21.653 INFO [main] org.apache.catalina.core.ApplicationContext.log ContextListener: contextInitialized()
03-Apr-2019 22:10:21.653 INFO [main] org.apache.catalina.core.ApplicationContext.log SessionListener: contextInitialized()
03-Apr-2019 22:10:21.655 INFO [main] org.apache.catalina.core.ApplicationContext.log ContextListener: attributeAdded('StockTicker', 'async.Stockticker@1b6512')
03-Apr-2019 22:10:21.835 INFO [main] org.apache.catalina.core.ApplicationContext.log SessionListener: contextDestroyed()
03-Apr-2019 22:10:21.835 INFO [main] org.apache.catalina.core.ApplicationContext.log ContextListener: contextDestroyed()
