26-Mar-2022 22:15:28.439 INFO [main] org.apache.catalina.core.ApplicationContext.log ContextListener: contextInitialized()
26-Mar-2022 22:15:28.439 INFO [main] org.apache.catalina.core.ApplicationContext.log SessionListener: contextInitialized()
26-Mar-2022 22:15:28.441 INFO [main] org.apache.catalina.core.ApplicationContext.log ContextListener: attributeAdded('StockTicker', 'async.Stockticker@d4ab71a')
26-Mar-2022 22:19:50.457 INFO [Thread-2] org.apache.catalina.core.ApplicationContext.log SessionListener: contextDestroyed()
26-Mar-2022 22:19:50.457 INFO [Thread-2] org.apache.catalina.core.ApplicationContext.log ContextListener: contextDestroyed()
26-Mar-2022 22:19:54.443 INFO [main] org.apache.catalina.core.ApplicationContext.log ContextListener: contextInitialized()
26-Mar-2022 22:19:54.443 INFO [main] org.apache.catalina.core.ApplicationContext.log SessionListener: contextInitialized()
26-Mar-2022 22:19:54.445 INFO [main] org.apache.catalina.core.ApplicationContext.log ContextListener: attributeAdded('StockTicker', 'async.Stockticker@772485dd')
26-Mar-2022 22:22:47.330 INFO [Thread-2] org.apache.catalina.core.ApplicationContext.log SessionListener: contextDestroyed()
26-Mar-2022 22:22:47.330 INFO [Thread-2] org.apache.catalina.core.ApplicationContext.log ContextListener: contextDestroyed()
26-Mar-2022 22:22:50.613 INFO [main] org.apache.catalina.core.ApplicationContext.log ContextListener: contextInitialized()
26-Mar-2022 22:22:50.613 INFO [main] org.apache.catalina.core.ApplicationContext.log SessionListener: contextInitialized()
26-Mar-2022 22:22:50.615 INFO [main] org.apache.catalina.core.ApplicationContext.log ContextListener: attributeAdded('StockTicker', 'async.Stockticker@1c4ee95c')
26-Mar-2022 22:47:44.230 INFO [Thread-2] org.apache.catalina.core.ApplicationContext.log SessionListener: contextDestroyed()
26-Mar-2022 22:47:44.230 INFO [Thread-2] org.apache.catalina.core.ApplicationContext.log ContextListener: contextDestroyed()
26-Mar-2022 22:47:47.729 INFO [main] org.apache.catalina.core.ApplicationContext.log ContextListener: contextInitialized()
26-Mar-2022 22:47:47.729 INFO [main] org.apache.catalina.core.ApplicationContext.log SessionListener: contextInitialized()
26-Mar-2022 22:47:47.730 INFO [main] org.apache.catalina.core.ApplicationContext.log ContextListener: attributeAdded('StockTicker', 'async.Stockticker@62577d6')
26-Mar-2022 22:48:45.561 INFO [Thread-2] org.apache.catalina.core.ApplicationContext.log SessionListener: contextDestroyed()
26-Mar-2022 22:48:45.561 INFO [Thread-2] org.apache.catalina.core.ApplicationContext.log ContextListener: contextDestroyed()
26-Mar-2022 22:48:52.195 INFO [main] org.apache.catalina.core.ApplicationContext.log ContextListener: contextInitialized()
26-Mar-2022 22:48:52.195 INFO [main] org.apache.catalina.core.ApplicationContext.log SessionListener: contextInitialized()
26-Mar-2022 22:48:52.197 INFO [main] org.apache.catalina.core.ApplicationContext.log ContextListener: attributeAdded('StockTicker', 'async.Stockticker@62577d6')
26-Mar-2022 22:49:40.603 INFO [Thread-2] org.apache.catalina.core.ApplicationContext.log SessionListener: contextDestroyed()
26-Mar-2022 22:49:40.603 INFO [Thread-2] org.apache.catalina.core.ApplicationContext.log ContextListener: contextDestroyed()
26-Mar-2022 22:49:43.618 INFO [main] org.apache.catalina.core.ApplicationContext.log ContextListener: contextInitialized()
26-Mar-2022 22:49:43.618 INFO [main] org.apache.catalina.core.ApplicationContext.log SessionListener: contextInitialized()
26-Mar-2022 22:49:43.620 INFO [main] org.apache.catalina.core.ApplicationContext.log ContextListener: attributeAdded('StockTicker', 'async.Stockticker@5a12c728')
26-Mar-2022 23:19:46.950 INFO [Thread-2] org.apache.catalina.core.ApplicationContext.log SessionListener: contextDestroyed()
26-Mar-2022 23:19:46.950 INFO [Thread-2] org.apache.catalina.core.ApplicationContext.log ContextListener: contextDestroyed()
26-Mar-2022 23:19:51.142 INFO [main] org.apache.catalina.core.ApplicationContext.log ContextListener: contextInitialized()
26-Mar-2022 23:19:51.142 INFO [main] org.apache.catalina.core.ApplicationContext.log SessionListener: contextInitialized()
26-Mar-2022 23:19:51.144 INFO [main] org.apache.catalina.core.ApplicationContext.log ContextListener: attributeAdded('StockTicker', 'async.Stockticker@3d829787')
26-Mar-2022 23:20:14.194 INFO [Thread-2] org.apache.catalina.core.ApplicationContext.log SessionListener: contextDestroyed()
26-Mar-2022 23:20:14.194 INFO [Thread-2] org.apache.catalina.core.ApplicationContext.log ContextListener: contextDestroyed()
26-Mar-2022 23:20:18.720 INFO [main] org.apache.catalina.core.ApplicationContext.log ContextListener: contextInitialized()
26-Mar-2022 23:20:18.720 INFO [main] org.apache.catalina.core.ApplicationContext.log SessionListener: contextInitialized()
26-Mar-2022 23:20:18.724 INFO [main] org.apache.catalina.core.ApplicationContext.log ContextListener: attributeAdded('StockTicker', 'async.Stockticker@5aa360ea')
26-Mar-2022 23:21:46.244 INFO [Thread-2] org.apache.catalina.core.ApplicationContext.log SessionListener: contextDestroyed()
26-Mar-2022 23:21:46.244 INFO [Thread-2] org.apache.catalina.core.ApplicationContext.log ContextListener: contextDestroyed()
26-Mar-2022 23:21:53.827 INFO [main] org.apache.catalina.core.ApplicationContext.log ContextListener: contextInitialized()
26-Mar-2022 23:21:53.827 INFO [main] org.apache.catalina.core.ApplicationContext.log SessionListener: contextInitialized()
26-Mar-2022 23:21:53.829 INFO [main] org.apache.catalina.core.ApplicationContext.log ContextListener: attributeAdded('StockTicker', 'async.Stockticker@1556f2dd')
26-Mar-2022 23:22:23.835 INFO [Thread-2] org.apache.catalina.core.ApplicationContext.log SessionListener: contextDestroyed()
26-Mar-2022 23:22:23.836 INFO [Thread-2] org.apache.catalina.core.ApplicationContext.log ContextListener: contextDestroyed()
26-Mar-2022 23:22:28.567 INFO [main] org.apache.catalina.core.ApplicationContext.log ContextListener: contextInitialized()
26-Mar-2022 23:22:28.567 INFO [main] org.apache.catalina.core.ApplicationContext.log SessionListener: contextInitialized()
26-Mar-2022 23:22:28.569 INFO [main] org.apache.catalina.core.ApplicationContext.log ContextListener: attributeAdded('StockTicker', 'async.Stockticker@49bd54f7')
26-Mar-2022 23:24:08.093 INFO [Thread-2] org.apache.catalina.core.ApplicationContext.log SessionListener: contextDestroyed()
26-Mar-2022 23:24:08.093 INFO [Thread-2] org.apache.catalina.core.ApplicationContext.log ContextListener: contextDestroyed()
26-Mar-2022 23:24:11.602 INFO [main] org.apache.catalina.core.ApplicationContext.log ContextListener: contextInitialized()
26-Mar-2022 23:24:11.602 INFO [main] org.apache.catalina.core.ApplicationContext.log SessionListener: contextInitialized()
26-Mar-2022 23:24:11.605 INFO [main] org.apache.catalina.core.ApplicationContext.log ContextListener: attributeAdded('StockTicker', 'async.Stockticker@214894fc')
26-Mar-2022 23:24:26.428 INFO [Thread-2] org.apache.catalina.core.ApplicationContext.log SessionListener: contextDestroyed()
26-Mar-2022 23:24:26.428 INFO [Thread-2] org.apache.catalina.core.ApplicationContext.log ContextListener: contextDestroyed()
26-Mar-2022 23:24:29.876 INFO [main] org.apache.catalina.core.ApplicationContext.log ContextListener: contextInitialized()
26-Mar-2022 23:24:29.876 INFO [main] org.apache.catalina.core.ApplicationContext.log SessionListener: contextInitialized()
26-Mar-2022 23:24:29.878 INFO [main] org.apache.catalina.core.ApplicationContext.log ContextListener: attributeAdded('StockTicker', 'async.Stockticker@214894fc')
26-Mar-2022 23:26:02.433 INFO [Thread-2] org.apache.catalina.core.ApplicationContext.log SessionListener: contextDestroyed()
26-Mar-2022 23:26:02.433 INFO [Thread-2] org.apache.catalina.core.ApplicationContext.log ContextListener: contextDestroyed()
26-Mar-2022 23:26:06.785 INFO [main] org.apache.catalina.core.ApplicationContext.log ContextListener: contextInitialized()
26-Mar-2022 23:26:06.785 INFO [main] org.apache.catalina.core.ApplicationContext.log SessionListener: contextInitialized()
26-Mar-2022 23:26:06.787 INFO [main] org.apache.catalina.core.ApplicationContext.log ContextListener: attributeAdded('StockTicker', 'async.Stockticker@54336c81')
26-Mar-2022 23:27:04.132 INFO [Thread-2] org.apache.catalina.core.ApplicationContext.log SessionListener: contextDestroyed()
26-Mar-2022 23:27:04.132 INFO [Thread-2] org.apache.catalina.core.ApplicationContext.log ContextListener: contextDestroyed()
26-Mar-2022 23:27:11.458 INFO [main] org.apache.catalina.core.ApplicationContext.log ContextListener: contextInitialized()
26-Mar-2022 23:27:11.458 INFO [main] org.apache.catalina.core.ApplicationContext.log SessionListener: contextInitialized()
26-Mar-2022 23:27:11.459 INFO [main] org.apache.catalina.core.ApplicationContext.log ContextListener: attributeAdded('StockTicker', 'async.Stockticker@e27ba81')
26-Mar-2022 23:27:16.026 SEVERE [http-nio-8080-exec-2] org.apache.catalina.core.StandardWrapperValve.invoke Servlet.service() for servlet [LuckyNumbers] in context with path [/lab01] threw exception
	java.lang.NullPointerException
		at LuckyNumbers.doGet(LuckyNumbers.java:19)
		at javax.servlet.http.HttpServlet.service(HttpServlet.java:655)
		at javax.servlet.http.HttpServlet.service(HttpServlet.java:764)
		at org.apache.catalina.core.ApplicationFilterChain.internalDoFilter(ApplicationFilterChain.java:227)
		at org.apache.catalina.core.ApplicationFilterChain.doFilter(ApplicationFilterChain.java:162)
		at org.apache.tomcat.websocket.server.WsFilter.doFilter(WsFilter.java:53)
		at org.apache.catalina.core.ApplicationFilterChain.internalDoFilter(ApplicationFilterChain.java:189)
		at org.apache.catalina.core.ApplicationFilterChain.doFilter(ApplicationFilterChain.java:162)
		at org.apache.catalina.core.StandardWrapperValve.invoke(StandardWrapperValve.java:197)
		at org.apache.catalina.core.StandardContextValve.invoke(StandardContextValve.java:97)
		at org.apache.catalina.authenticator.AuthenticatorBase.invoke(AuthenticatorBase.java:541)
		at org.apache.catalina.core.StandardHostValve.invoke(StandardHostValve.java:135)
		at org.apache.catalina.valves.ErrorReportValve.invoke(ErrorReportValve.java:92)
		at org.apache.catalina.valves.AbstractAccessLogValve.invoke(AbstractAccessLogValve.java:687)
		at org.apache.catalina.core.StandardEngineValve.invoke(StandardEngineValve.java:78)
		at org.apache.catalina.connector.CoyoteAdapter.service(CoyoteAdapter.java:360)
		at org.apache.coyote.http11.Http11Processor.service(Http11Processor.java:399)
		at org.apache.coyote.AbstractProcessorLight.process(AbstractProcessorLight.java:65)
		at org.apache.coyote.AbstractProtocol$ConnectionHandler.process(AbstractProtocol.java:889)
		at org.apache.tomcat.util.net.NioEndpoint$SocketProcessor.doRun(NioEndpoint.java:1743)
		at org.apache.tomcat.util.net.SocketProcessorBase.run(SocketProcessorBase.java:49)
		at org.apache.tomcat.util.threads.ThreadPoolExecutor.runWorker(ThreadPoolExecutor.java:1191)
		at org.apache.tomcat.util.threads.ThreadPoolExecutor$Worker.run(ThreadPoolExecutor.java:659)
		at org.apache.tomcat.util.threads.TaskThread$WrappingRunnable.run(TaskThread.java:61)
		at java.base/java.lang.Thread.run(Thread.java:834)
26-Mar-2022 23:27:36.359 INFO [Thread-2] org.apache.catalina.core.ApplicationContext.log SessionListener: contextDestroyed()
26-Mar-2022 23:27:36.359 INFO [Thread-2] org.apache.catalina.core.ApplicationContext.log ContextListener: contextDestroyed()
26-Mar-2022 23:27:40.012 INFO [main] org.apache.catalina.core.ApplicationContext.log ContextListener: contextInitialized()
26-Mar-2022 23:27:40.013 INFO [main] org.apache.catalina.core.ApplicationContext.log SessionListener: contextInitialized()
26-Mar-2022 23:27:40.015 INFO [main] org.apache.catalina.core.ApplicationContext.log ContextListener: attributeAdded('StockTicker', 'async.Stockticker@54336c81')
26-Mar-2022 23:28:13.809 INFO [Thread-2] org.apache.catalina.core.ApplicationContext.log SessionListener: contextDestroyed()
26-Mar-2022 23:28:13.810 INFO [Thread-2] org.apache.catalina.core.ApplicationContext.log ContextListener: contextDestroyed()
26-Mar-2022 23:28:17.020 INFO [main] org.apache.catalina.core.ApplicationContext.log ContextListener: contextInitialized()
26-Mar-2022 23:28:17.020 INFO [main] org.apache.catalina.core.ApplicationContext.log SessionListener: contextInitialized()
26-Mar-2022 23:28:17.021 INFO [main] org.apache.catalina.core.ApplicationContext.log ContextListener: attributeAdded('StockTicker', 'async.Stockticker@6548bb7d')
26-Mar-2022 23:28:57.300 INFO [Thread-2] org.apache.catalina.core.ApplicationContext.log SessionListener: contextDestroyed()
26-Mar-2022 23:28:57.300 INFO [Thread-2] org.apache.catalina.core.ApplicationContext.log ContextListener: contextDestroyed()
26-Mar-2022 23:29:03.783 INFO [main] org.apache.catalina.core.ApplicationContext.log ContextListener: contextInitialized()
26-Mar-2022 23:29:03.783 INFO [main] org.apache.catalina.core.ApplicationContext.log SessionListener: contextInitialized()
26-Mar-2022 23:29:03.788 INFO [main] org.apache.catalina.core.ApplicationContext.log ContextListener: attributeAdded('StockTicker', 'async.Stockticker@1556f2dd')
26-Mar-2022 23:30:21.617 INFO [Thread-2] org.apache.catalina.core.ApplicationContext.log SessionListener: contextDestroyed()
26-Mar-2022 23:30:21.617 INFO [Thread-2] org.apache.catalina.core.ApplicationContext.log ContextListener: contextDestroyed()
26-Mar-2022 23:30:25.586 INFO [main] org.apache.catalina.core.ApplicationContext.log ContextListener: contextInitialized()
26-Mar-2022 23:30:25.586 INFO [main] org.apache.catalina.core.ApplicationContext.log SessionListener: contextInitialized()
26-Mar-2022 23:30:25.589 INFO [main] org.apache.catalina.core.ApplicationContext.log ContextListener: attributeAdded('StockTicker', 'async.Stockticker@1c4ee95c')
