c:\users\jake\onedrive\computer graphics 2015\jake 2015 tutes\labweek4\labw4_code_2015_solution\glfw_example\glfw_example\soil\projects\vc9\debug\image_dxt.obj
c:\users\jake\onedrive\computer graphics 2015\jake 2015 tutes\labweek4\labw4_code_2015_solution\glfw_example\glfw_example\soil\projects\vc9\debug\image_helper.obj
c:\users\jake\onedrive\computer graphics 2015\jake 2015 tutes\labweek4\labw4_code_2015_solution\glfw_example\glfw_example\soil\projects\vc9\debug\soil.obj
c:\users\jake\onedrive\computer graphics 2015\jake 2015 tutes\labweek4\labw4_code_2015_solution\glfw_example\glfw_example\soil\projects\vc9\debug\stb_image_aug.obj
c:\users\jake\onedrive\computer graphics 2015\jake 2015 tutes\labweek4\labw4_code_2015_solution\glfw_example\glfw_example\soil\projects\vc9\debug\vc100.pdb
c:\users\jake\onedrive\computer graphics 2015\jake 2015 tutes\labweek6\labw6_code_2015_solution\glfw_example\glfw_example\soil\projects\vc9\debug\image_dxt.obj
c:\users\jake\onedrive\computer graphics 2015\jake 2015 tutes\labweek6\labw6_code_2015_solution\glfw_example\glfw_example\soil\projects\vc9\debug\image_helper.obj
c:\users\jake\onedrive\computer graphics 2015\jake 2015 tutes\labweek6\labw6_code_2015_solution\glfw_example\glfw_example\soil\projects\vc9\debug\soil.obj
c:\users\jake\onedrive\computer graphics 2015\jake 2015 tutes\labweek6\labw6_code_2015_solution\glfw_example\glfw_example\soil\projects\vc9\debug\stb_image_aug.obj
c:\users\jake\onedrive\computer graphics 2015\jake 2015 tutes\labweek6\labw6_code_2015_solution\glfw_example\glfw_example\soil\projects\vc9\debug\vc100.pdb
c:\users\jake\onedrive\computer graphics 2015\jake 2015 tutes\labweek6\labw6_code_2015_pervertexlighting\glfw_example\glfw_example\soil\projects\vc9\debug\image_dxt.obj
c:\users\jake\onedrive\computer graphics 2015\jake 2015 tutes\labweek6\labw6_code_2015_pervertexlighting\glfw_example\glfw_example\soil\projects\vc9\debug\image_helper.obj
c:\users\jake\onedrive\computer graphics 2015\jake 2015 tutes\labweek6\labw6_code_2015_pervertexlighting\glfw_example\glfw_example\soil\projects\vc9\debug\soil.obj
c:\users\jake\onedrive\computer graphics 2015\jake 2015 tutes\labweek6\labw6_code_2015_pervertexlighting\glfw_example\glfw_example\soil\projects\vc9\debug\stb_image_aug.obj
c:\users\jake\onedrive\computer graphics 2015\jake 2015 tutes\labweek6\labw6_code_2015_pervertexlighting\glfw_example\glfw_example\soil\projects\vc9\debug\vc100.pdb
c:\users\jake\onedrive\computer graphics 2015\jake 2015 tutes\labweek4\labw4_code_2015_solution\glfw_example\debug\soil.lib
c:\users\jake\onedrive\computer graphics 2015\jake 2015 tutes\labweek6\labw6_code_2015_solution\glfw_example\debug\soil.lib
c:\users\jake\onedrive\computer graphics 2015\jake 2015 tutes\labweek6\labw6_code_2015_pervertexlighting\glfw_example\debug\soil.lib
c:\users\jake\documents\megasync\jake 2015 tutes\labweek6\labw6_code_pervertexlighting\glfw_example\glfw_example\soil\projects\vc9\debug\soil.pdb
c:\users\jake\documents\megasync\jake 2015 tutes\labweek6\labw6_code_pervertexlighting\glfw_example\glfw_example\soil\projects\vc9\debug\soil.idb
c:\users\jake\documents\megasync\jake 2015 tutes\labweek6\labw6_code_pervertexlighting\glfw_example\glfw_example\soil\projects\vc9\debug\image_dxt.obj
c:\users\jake\documents\megasync\jake 2015 tutes\labweek6\labw6_code_pervertexlighting\glfw_example\glfw_example\soil\projects\vc9\debug\image_helper.obj
c:\users\jake\documents\megasync\jake 2015 tutes\labweek6\labw6_code_pervertexlighting\glfw_example\glfw_example\soil\projects\vc9\debug\soil.obj
c:\users\jake\documents\megasync\jake 2015 tutes\labweek6\labw6_code_pervertexlighting\glfw_example\glfw_example\soil\projects\vc9\debug\stb_image_aug.obj
c:\users\jake\documents\megasync\jake 2015 tutes\labweek6\labw6_code_pervertexlighting\glfw_example\debug\soil.lib
c:\users\jake\documents\megasync\jake 2015 tutes\labweek6\labw6_code_pervertexlighting\glfw_example\glfw_example\soil\projects\vc9\debug\soil.vcxprojresolveassemblyreference.cache
c:\users\jake\documents\megasync\jake 2015 tutes\labweek6\labw6_code_pervertexlighting\glfw_example\glfw_example\soil\projects\vc9\debug\cl.command.1.tlog
c:\users\jake\documents\megasync\jake 2015 tutes\labweek6\labw6_code_pervertexlighting\glfw_example\glfw_example\soil\projects\vc9\debug\cl.read.1.tlog
c:\users\jake\documents\megasync\jake 2015 tutes\labweek6\labw6_code_pervertexlighting\glfw_example\glfw_example\soil\projects\vc9\debug\cl.write.1.tlog
c:\users\jake\documents\megasync\jake 2015 tutes\labweek6\labw6_code_pervertexlighting\glfw_example\glfw_example\soil\projects\vc9\debug\lib-link.read.1.tlog
c:\users\jake\documents\megasync\jake 2015 tutes\labweek6\labw6_code_pervertexlighting\glfw_example\glfw_example\soil\projects\vc9\debug\lib-link.write.1.tlog
c:\users\jake\documents\megasync\jake 2015 tutes\labweek6\labw6_code_pervertexlighting\glfw_example\glfw_example\soil\projects\vc9\debug\lib.command.1.tlog
c:\users\jake\documents\megasync\jake 2015 tutes\labweek6\labw6_code_pervertexlighting\glfw_example\glfw_example\soil\projects\vc9\debug\soil.write.1.tlog
c:\users\jake\documents\megasync\jake 2015 tutes\labweek6\labw6_code_pervertexlighting\glfw_example\glfw_example\soil\projects\vc9\debug\vc100.idb
c:\users\jake\documents\megasync\jake 2015 tutes\labweek6\labw6_code_pervertexlighting\glfw_example\glfw_example\soil\projects\vc9\debug\vc100.pdb
c:\users\jake\documents\megasync\jake 2015 tutes\labweek6\labw6_code_pervertexlighting\glfw_example\debug\soil.pdb
c:\users\jake\documents\megasync\jake 2015 tutes\labweek6\labw6_code_pervertexlighting\glfw_example\glfw_example\soil\projects\vc9\debug\soil.tlog\cl.command.1.tlog
c:\users\jake\documents\megasync\jake 2015 tutes\labweek6\labw6_code_pervertexlighting\glfw_example\glfw_example\soil\projects\vc9\debug\soil.tlog\cl.read.1.tlog
c:\users\jake\documents\megasync\jake 2015 tutes\labweek6\labw6_code_pervertexlighting\glfw_example\glfw_example\soil\projects\vc9\debug\soil.tlog\cl.write.1.tlog
c:\users\jake\documents\megasync\jake 2015 tutes\labweek6\labw6_code_pervertexlighting\glfw_example\glfw_example\soil\projects\vc9\debug\soil.tlog\lib-link.read.1.tlog
c:\users\jake\documents\megasync\jake 2015 tutes\labweek6\labw6_code_pervertexlighting\glfw_example\glfw_example\soil\projects\vc9\debug\soil.tlog\lib-link.write.1.tlog
c:\users\jake\documents\megasync\jake 2015 tutes\labweek6\labw6_code_pervertexlighting\glfw_example\glfw_example\soil\projects\vc9\debug\soil.tlog\lib.command.1.tlog
