c:\users\jake\onedrive\computer graphics 2015\jake 2015 tutes\labweek4\labw4_code_2015_solution\glfw_example\glfw_example\debug\main.obj
c:\users\jake\onedrive\computer graphics 2015\jake 2015 tutes\labweek4\labw4_code_2015_solution\glfw_example\glfw_example\debug\vc100.pdb
c:\users\jake\onedrive\computer graphics 2015\jake 2015 tutes\labweek6\labw6_code_2015_solution\glfw_example\glfw_example\debug\main.obj
c:\users\jake\onedrive\computer graphics 2015\jake 2015 tutes\labweek6\labw6_code_2015_solution\glfw_example\glfw_example\debug\vc100.pdb
c:\users\jake\onedrive\computer graphics 2015\jake 2015 tutes\labweek6\labw6_code_2015_pervertexlighting\glfw_example\glfw_example\debug\main.obj
c:\users\jake\onedrive\computer graphics 2015\jake 2015 tutes\labweek6\labw6_code_2015_pervertexlighting\glfw_example\glfw_example\debug\vc100.pdb
c:\users\jake\onedrive\computer graphics 2015\jake 2015 tutes\labweek4\labw4_code_2015_solution\glfw_example\debug\glfw_example.exe
c:\users\jake\onedrive\computer graphics 2015\jake 2015 tutes\labweek4\labw4_code_2015_solution\glfw_example\glfw_example\debug\glfw_example.exe.intermediate.manifest
c:\users\jake\onedrive\computer graphics 2015\jake 2015 tutes\labweek4\labw4_code_2015_solution\glfw_example\debug\glfw_example.pdb
c:\users\jake\onedrive\computer graphics 2015\jake 2015 tutes\labweek6\labw6_code_2015_solution\glfw_example\debug\glfw_example.exe
c:\users\jake\onedrive\computer graphics 2015\jake 2015 tutes\labweek6\labw6_code_2015_solution\glfw_example\glfw_example\debug\glfw_example.exe.intermediate.manifest
c:\users\jake\onedrive\computer graphics 2015\jake 2015 tutes\labweek6\labw6_code_2015_solution\glfw_example\debug\glfw_example.pdb
c:\users\jake\onedrive\computer graphics 2015\jake 2015 tutes\labweek6\labw6_code_2015_pervertexlighting\glfw_example\debug\glfw_example.exe
c:\users\jake\onedrive\computer graphics 2015\jake 2015 tutes\labweek6\labw6_code_2015_pervertexlighting\glfw_example\glfw_example\debug\glfw_example.exe.intermediate.manifest
c:\users\jake\onedrive\computer graphics 2015\jake 2015 tutes\labweek6\labw6_code_2015_pervertexlighting\glfw_example\debug\glfw_example.pdb
c:\users\jake\documents\megasync\jake 2015 tutes\labweek6\labw6_code_pervertexlighting\glfw_example\glfw_example\debug\vc140.pdb
c:\users\jake\documents\megasync\jake 2015 tutes\labweek6\labw6_code_pervertexlighting\glfw_example\glfw_example\debug\vc140.idb
c:\users\jake\documents\megasync\jake 2015 tutes\labweek6\labw6_code_pervertexlighting\glfw_example\glfw_example\debug\main.obj
c:\users\jake\documents\megasync\jake 2015 tutes\labweek6\labw6_code_pervertexlighting\glfw_example\glfw_example\debug\glfw_example.vcxprojresolveassemblyreference.cache
c:\users\jake\documents\megasync\jake 2015 tutes\labweek6\labw6_code_pervertexlighting\glfw_example\glfw_example\debug\cl.command.1.tlog
c:\users\jake\documents\megasync\jake 2015 tutes\labweek6\labw6_code_pervertexlighting\glfw_example\glfw_example\debug\cl.read.1.tlog
c:\users\jake\documents\megasync\jake 2015 tutes\labweek6\labw6_code_pervertexlighting\glfw_example\glfw_example\debug\cl.write.1.tlog
c:\users\jake\documents\megasync\jake 2015 tutes\labweek6\labw6_code_pervertexlighting\glfw_example\glfw_example\debug\glfw_example.write.1.tlog
c:\users\jake\documents\megasync\jake 2015 tutes\labweek6\labw6_code_pervertexlighting\glfw_example\glfw_example\debug\link.command.1.tlog
c:\users\jake\documents\megasync\jake 2015 tutes\labweek6\labw6_code_pervertexlighting\glfw_example\glfw_example\debug\link.read.1.tlog
c:\users\jake\documents\megasync\jake 2015 tutes\labweek6\labw6_code_pervertexlighting\glfw_example\glfw_example\debug\link.write.1.tlog
c:\users\jake\documents\megasync\jake 2015 tutes\labweek6\labw6_code_pervertexlighting\glfw_example\glfw_example\debug\mt.command.1.tlog
c:\users\jake\documents\megasync\jake 2015 tutes\labweek6\labw6_code_pervertexlighting\glfw_example\glfw_example\debug\mt.read.1.tlog
c:\users\jake\documents\megasync\jake 2015 tutes\labweek6\labw6_code_pervertexlighting\glfw_example\glfw_example\debug\mt.write.1.tlog
c:\users\jake\documents\megasync\jake 2015 tutes\labweek6\labw6_code_pervertexlighting\glfw_example\glfw_example\debug\glfw_example.exe.intermediate.manifest
c:\users\jake\documents\megasync\jake 2015 tutes\labweek6\labw6_code_pervertexlighting\glfw_example\glfw_example\debug\vc100.idb
c:\users\jake\documents\megasync\jake 2015 tutes\labweek6\labw6_code_pervertexlighting\glfw_example\glfw_example\debug\vc100.pdb
c:\users\jake\documents\megasync\jake 2015 tutes\labweek6\labw6_code_pervertexlighting\glfw_example\debug\glfw_example.pdb
c:\users\jake\documents\megasync\jake 2015 tutes\labweek6\labw6_code_pervertexlighting\glfw_example\glfw_example\debug\glfw_example.tlog\cl.command.1.tlog
c:\users\jake\documents\megasync\jake 2015 tutes\labweek6\labw6_code_pervertexlighting\glfw_example\glfw_example\debug\glfw_example.tlog\cl.read.1.tlog
c:\users\jake\documents\megasync\jake 2015 tutes\labweek6\labw6_code_pervertexlighting\glfw_example\glfw_example\debug\glfw_example.tlog\cl.write.1.tlog
c:\users\jake\documents\megasync\jake 2015 tutes\labweek6\labw6_code_pervertexlighting\glfw_example\glfw_example\debug\glfw_example.tlog\link-cvtres.read.1.tlog
c:\users\jake\documents\megasync\jake 2015 tutes\labweek6\labw6_code_pervertexlighting\glfw_example\glfw_example\debug\glfw_example.tlog\link-cvtres.write.1.tlog
c:\users\jake\documents\megasync\jake 2015 tutes\labweek6\labw6_code_pervertexlighting\glfw_example\glfw_example\debug\glfw_example.tlog\link-rc.read.1.tlog
c:\users\jake\documents\megasync\jake 2015 tutes\labweek6\labw6_code_pervertexlighting\glfw_example\glfw_example\debug\glfw_example.tlog\link-rc.write.1.tlog
c:\users\jake\documents\megasync\jake 2015 tutes\labweek6\labw6_code_pervertexlighting\glfw_example\glfw_example\debug\glfw_example.tlog\link.command.1.tlog
c:\users\jake\documents\megasync\jake 2015 tutes\labweek6\labw6_code_pervertexlighting\glfw_example\glfw_example\debug\glfw_example.tlog\link.read.1.tlog
c:\users\jake\documents\megasync\jake 2015 tutes\labweek6\labw6_code_pervertexlighting\glfw_example\glfw_example\debug\glfw_example.tlog\link.write.1.tlog
